{"meta": {"format": 3, "version": "7.14.1", "timestamp": "2026-07-04T11:51:26.553583", "branch_coverage": true, "show_contexts": false}, "files": {"core\\__init__.py": {"executed_lines": [], "summary": {"covered_lines": 0, "num_statements": 0, "percent_covered": 100.0, "percent_covered_display": "100", "missing_lines": 0, "excluded_lines": 0, "percent_statements_covered": 100.0, "percent_statements_covered_display": "100", "num_branches": 0, "num_partial_branches": 0, "covered_branches": 0, "missing_branches": 0, "percent_branches_covered": 100.0, "percent_branches_covered_display": "100"}, "missing_lines": [], "excluded_lines": [], "executed_branches": [], "missing_branches": [], "functions": {"": {"executed_lines": [], "summary": {"covered_lines": 0, "num_statements": 0, "percent_covered": 100.0, "percent_covered_display": "100", "missing_lines": 0, "excluded_lines": 0, "percent_statements_covered": 100.0, "percent_statements_covered_display": "100", "num_branches": 0, "num_partial_branches": 0, "covered_branches": 0, "missing_branches": 0, "percent_branches_covered": 100.0, "percent_branches_covered_display": "100"}, "missing_lines": [], "excluded_lines": [], "start_line": 1, "executed_branches": [], "missing_branches": []}}, "classes": {"": {"executed_lines": [], "summary": {"covered_lines": 0, "num_statements": 0, "percent_covered": 100.0, "percent_covered_display": "100", "missing_lines": 0, "excluded_lines": 0, "percent_statements_covered": 100.0, "percent_statements_covered_display": "100", "num_branches": 0, "num_partial_branches": 0, "covered_branches": 0, "missing_branches": 0, "percent_branches_covered": 100.0, "percent_branches_covered_display": "100"}, "missing_lines": [], "excluded_lines": [], "start_line": 1, "executed_branches": [], "missing_branches": []}}}, "core\\config.py": {"executed_lines": [1, 2, 3, 5, 6, 7, 8, 9, 10, 11, 13, 16, 21, 22, 27, 28, 30, 31, 32, 33, 34, 35, 37, 38, 39, 41, 51, 52, 53, 54, 56, 64, 66, 67, 68, 70, 73, 78, 83, 89, 93, 95, 96, 97, 98, 99, 100, 101, 102, 104, 106, 107, 108, 109, 110, 111, 112, 113, 114, 115, 116, 117, 118, 120, 121, 122, 123, 124, 125, 126, 128, 129, 131, 132, 133, 134, 135, 139, 140, 141, 142, 143, 145, 147, 148, 149, 151, 156, 158, 159, 160, 162, 167, 169, 170, 171, 172, 173, 174, 178, 181, 182, 183, 184, 185, 187, 189, 190, 191, 192, 194, 202, 204, 223, 225], "summary": {"covered_lines": 115, "num_statements": 166, "percent_covered": 59.345794392523366, "percent_covered_display": "59", "missing_lines": 51, "excluded_lines": 0, "percent_statements_covered": 69.27710843373494, "percent_statements_covered_display": "69", "num_branches": 48, "num_partial_branches": 12, "covered_branches": 12, "missing_branches": 36, "percent_branches_covered": 25.0, "percent_branches_covered_display": "25"}, "missing_lines": [17, 18, 57, 58, 59, 60, 61, 62, 63, 65, 69, 144, 152, 153, 154, 155, 163, 164, 165, 166, 175, 179, 186, 195, 196, 197, 198, 199, 200, 201, 205, 206, 207, 208, 209, 210, 211, 212, 213, 214, 215, 216, 217, 218, 226, 227, 229, 230, 231, 232, 233], "excluded_lines": [], "executed_branches": [[16, 21], [56, 64], [64, 66], [68, 70], [143, 145], [151, 156], [162, 167], [173, 174], [174, 178], [185, 187], [194, 202], [225, -1]], "missing_branches": [[16, 17], [56, 57], [58, 59], [58, 60], [64, 65], [68, 69], [143, 144], [151, 152], [153, 154], [153, 155], [162, 163], [164, 165], [164, 166], [173, 179], [174, 175], [185, 186], [194, 195], [196, 197], [196, 198], [205, -204], [205, 206], [207, 208], [207, 209], [209, 210], [209, 211], [211, 212], [211, 213], [213, 214], [213, 215], [215, 216], [215, 217], [217, -204], [217, 218], [225, 226], [229, -1], [229, 230]], "functions": {"Settings.sanitize_cors_origins": {"executed_lines": [54, 56, 64, 66, 67, 68, 70], "summary": {"covered_lines": 7, "num_statements": 16, "percent_covered": 41.666666666666664, "percent_covered_display": "42", "missing_lines": 9, "excluded_lines": 0, "percent_statements_covered": 43.75, "percent_statements_covered_display": "44", "num_branches": 8, "num_partial_branches": 3, "covered_branches": 3, "missing_branches": 5, "percent_branches_covered": 37.5, "percent_branches_covered_display": "38"}, "missing_lines": [57, 58, 59, 60, 61, 62, 63, 65, 69], "excluded_lines": [], "start_line": 53, "executed_branches": [[56, 64], [64, 66], [68, 70]], "missing_branches": [[56, 57], [58, 59], [58, 60], [64, 65], [68, 69]]}, "Settings.validate_env": {"executed_lines": [142, 143, 145], "summary": {"covered_lines": 3, "num_statements": 4, "percent_covered": 66.66666666666667, "percent_covered_display": "67", "missing_lines": 1, "excluded_lines": 0, "percent_statements_covered": 75.0, "percent_statements_covered_display": "75", "num_branches": 2, "num_partial_branches": 1, "covered_branches": 1, "missing_branches": 1, "percent_branches_covered": 50.0, "percent_branches_covered_display": "50"}, "missing_lines": [144], "excluded_lines": [], "start_line": 141, "executed_branches": [[143, 145]], "missing_branches": [[143, 144]]}, "Settings.parse_admin_emails": {"executed_lines": [151, 156], "summary": {"covered_lines": 2, "num_statements": 6, "percent_covered": 30.0, "percent_covered_display": "30", "missing_lines": 4, "excluded_lines": 0, "percent_statements_covered": 33.333333333333336, "percent_statements_covered_display": "33", "num_branches": 4, "num_partial_branches": 1, "covered_branches": 1, "missing_branches": 3, "percent_branches_covered": 25.0, "percent_branches_covered_display": "25"}, "missing_lines": [152, 153, 154, 155], "excluded_lines": [], "start_line": 149, "executed_branches": [[151, 156]], "missing_branches": [[151, 152], [153, 154], [153, 155]]}, "Settings.parse_allowed_hosts": {"executed_lines": [162, 167], "summary": {"covered_lines": 2, "num_statements": 6, "percent_covered": 30.0, "percent_covered_display": "30", "missing_lines": 4, "excluded_lines": 0, "percent_statements_covered": 33.333333333333336, "percent_statements_covered_display": "33", "num_branches": 4, "num_partial_branches": 1, "covered_branches": 1, "missing_branches": 3, "percent_branches_covered": 25.0, "percent_branches_covered_display": "25"}, "missing_lines": [163, 164, 165, 166], "excluded_lines": [], "start_line": 160, "executed_branches": [[162, 167]], "missing_branches": [[162, 163], [164, 165], [164, 166]]}, "Settings.set_test_secret": {"executed_lines": [172, 173, 174, 178], "summary": {"covered_lines": 4, "num_statements": 6, "percent_covered": 60.0, "percent_covered_display": "60", "missing_lines": 2, "excluded_lines": 0, "percent_statements_covered": 66.66666666666667, "percent_statements_covered_display": "67", "num_branches": 4, "num_partial_branches": 2, "covered_branches": 2, "missing_branches": 2, "percent_branches_covered": 50.0, "percent_branches_covered_display": "50"}, "missing_lines": [175, 179], "excluded_lines": [], "start_line": 171, "executed_branches": [[173, 174], [174, 178]], "missing_branches": [[173, 179], [174, 175]]}, "Settings.debug_must_be_false_in_production": {"executed_lines": [184, 185, 187], "summary": {"covered_lines": 3, "num_statements": 4, "percent_covered": 66.66666666666667, "percent_covered_display": "67", "missing_lines": 1, "excluded_lines": 0, "percent_statements_covered": 75.0, "percent_statements_covered_display": "75", "num_branches": 2, "num_partial_branches": 1, "covered_branches": 1, "missing_branches": 1, "percent_branches_covered": 50.0, "percent_branches_covered_display": "50"}, "missing_lines": [186], "excluded_lines": [], "start_line": 183, "executed_branches": [[185, 187]], "missing_branches": [[185, 186]]}, "Settings.parse_cors_origins": {"executed_lines": [192, 194, 202], "summary": {"covered_lines": 3, "num_statements": 10, "percent_covered": 28.571428571428573, "percent_covered_display": "29", "missing_lines": 7, "excluded_lines": 0, "percent_statements_covered": 30.0, "percent_statements_covered_display": "30", "num_branches": 4, "num_partial_branches": 1, "covered_branches": 1, "missing_branches": 3, "percent_branches_covered": 25.0, "percent_branches_covered_display": "25"}, "missing_lines": [195, 196, 197, 198, 199, 200, 201], "excluded_lines": [], "start_line": 191, "executed_branches": [[194, 202]], "missing_branches": [[194, 195], [196, 197], [196, 198]]}, "Settings.validate_config": {"executed_lines": [], "summary": {"covered_lines": 0, "num_statements": 14, "percent_covered": 0.0, "percent_covered_display": "0", "missing_lines": 14, "excluded_lines": 0, "percent_statements_covered": 0.0, "percent_statements_covered_display": "0", "num_branches": 14, "num_partial_branches": 0, "covered_branches": 0, "missing_branches": 14, "percent_branches_covered": 0.0, "percent_branches_covered_display": "0"}, "missing_lines": [205, 206, 207, 208, 209, 210, 211, 212, 213, 214, 215, 216, 217, 218], "excluded_lines": [], "start_line": 204, "executed_branches": [], "missing_branches": [[205, -204], [205, 206], [207, 208], [207, 209], [209, 210], [209, 211], [211, 212], [211, 213], [213, 214], [213, 215], [215, 216], [215, 217], [217, -204], [217, 218]]}, "": {"executed_lines": [1, 2, 3, 5, 6, 7, 8, 9, 10, 11, 13, 16, 21, 22, 27, 28, 30, 31, 32, 33, 34, 35, 37, 38, 39, 41, 51, 52, 53, 73, 78, 83, 89, 93, 95, 96, 97, 98, 99, 100, 101, 102, 104, 106, 107, 108, 109, 110, 111, 112, 113, 114, 115, 116, 117, 118, 120, 121, 122, 123, 124, 125, 126, 128, 129, 131, 132, 133, 134, 135, 139, 140, 141, 147, 148, 149, 158, 159, 160, 169, 170, 171, 181, 182, 183, 189, 190, 191, 204, 223, 225], "summary": {"covered_lines": 91, "num_statements": 100, "percent_covered": 87.73584905660377, "percent_covered_display": "88", "missing_lines": 9, "excluded_lines": 0, "percent_statements_covered": 91.0, "percent_statements_covered_display": "91", "num_branches": 6, "num_partial_branches": 2, "covered_branches": 2, "missing_branches": 4, "percent_branches_covered": 33.333333333333336, "percent_branches_covered_display": "33"}, "missing_lines": [17, 18, 226, 227, 229, 230, 231, 232, 233], "excluded_lines": [], "start_line": 1, "executed_branches": [[16, 21], [225, -1]], "missing_branches": [[16, 17], [225, 226], [229, -1], [229, 230]]}}, "classes": {"Settings": {"executed_lines": [54, 56, 64, 66, 67, 68, 70, 142, 143, 145, 151, 156, 162, 167, 172, 173, 174, 178, 184, 185, 187, 192, 194, 202], "summary": {"covered_lines": 24, "num_statements": 66, "percent_covered": 31.48148148148148, "percent_covered_display": "31", "missing_lines": 42, "excluded_lines": 0, "percent_statements_covered": 36.36363636363637, "percent_statements_covered_display": "36", "num_branches": 42, "num_partial_branches": 10, "covered_branches": 10, "missing_branches": 32, "percent_branches_covered": 23.80952380952381, "percent_branches_covered_display": "24"}, "missing_lines": [57, 58, 59, 60, 61, 62, 63, 65, 69, 144, 152, 153, 154, 155, 163, 164, 165, 166, 175, 179, 186, 195, 196, 197, 198, 199, 200, 201, 205, 206, 207, 208, 209, 210, 211, 212, 213, 214, 215, 216, 217, 218], "excluded_lines": [], "start_line": 21, "executed_branches": [[56, 64], [64, 66], [68, 70], [143, 145], [151, 156], [162, 167], [173, 174], [174, 178], [185, 187], [194, 202]], "missing_branches": [[56, 57], [58, 59], [58, 60], [64, 65], [68, 69], [143, 144], [151, 152], [153, 154], [153, 155], [162, 163], [164, 165], [164, 166], [173, 179], [174, 175], [185, 186], [194, 195], [196, 197], [196, 198], [205, -204], [205, 206], [207, 208], [207, 209], [209, 210], [209, 211], [211, 212], [211, 213], [213, 214], [213, 215], [215, 216], [215, 217], [217, -204], [217, 218]]}, "": {"executed_lines": [1, 2, 3, 5, 6, 7, 8, 9, 10, 11, 13, 16, 21, 22, 27, 28, 30, 31, 32, 33, 34, 35, 37, 38, 39, 41, 51, 52, 53, 73, 78, 83, 89, 93, 95, 96, 97, 98, 99, 100, 101, 102, 104, 106, 107, 108, 109, 110, 111, 112, 113, 114, 115, 116, 117, 118, 120, 121, 122, 123, 124, 125, 126, 128, 129, 131, 132, 133, 134, 135, 139, 140, 141, 147, 148, 149, 158, 159, 160, 169, 170, 171, 181, 182, 183, 189, 190, 191, 204, 223, 225], "summary": {"covered_lines": 91, "num_statements": 100, "percent_covered": 87.73584905660377, "percent_covered_display": "88", "missing_lines": 9, "excluded_lines": 0, "percent_statements_covered": 91.0, "percent_statements_covered_display": "91", "num_branches": 6, "num_partial_branches": 2, "covered_branches": 2, "missing_branches": 4, "percent_branches_covered": 33.333333333333336, "percent_branches_covered_display": "33"}, "missing_lines": [17, 18, 226, 227, 229, 230, 231, 232, 233], "excluded_lines": [], "start_line": 1, "executed_branches": [[16, 21], [225, -1]], "missing_branches": [[16, 17], [225, 226], [229, -1], [229, 230]]}}}, "core\\llm_gateway.py": {"executed_lines": [], "summary": {"covered_lines": 0, "num_statements": 107, "percent_covered": 0.0, "percent_covered_display": "0", "missing_lines": 107, "excluded_lines": 0, "percent_statements_covered": 0.0, "percent_statements_covered_display": "0", "num_branches": 38, "num_partial_branches": 0, "covered_branches": 0, "missing_branches": 38, "percent_branches_covered": 0.0, "percent_branches_covered_display": "0"}, "missing_lines": [4, 5, 6, 7, 9, 10, 12, 16, 18, 19, 20, 21, 22, 25, 26, 28, 31, 32, 34, 35, 36, 37, 38, 39, 40, 41, 43, 45, 48, 56, 57, 58, 59, 61, 63, 64, 65, 66, 67, 68, 70, 72, 76, 77, 79, 80, 81, 86, 87, 89, 103, 106, 107, 110, 111, 112, 113, 114, 116, 117, 118, 119, 123, 124, 125, 126, 134, 135, 138, 139, 140, 141, 142, 143, 146, 147, 149, 151, 152, 155, 156, 157, 158, 159, 165, 171, 172, 173, 174, 176, 178, 181, 182, 183, 184, 185, 191, 192, 193, 194, 195, 196, 197, 198, 199, 201, 204], "excluded_lines": [], "executed_branches": [], "missing_branches": [[36, 37], [36, 39], [56, -45], [56, 57], [57, 56], [57, 58], [106, 107], [106, 110], [111, 112], [111, 113], [113, 114], [113, 116], [116, 117], [116, 118], [118, 119], [118, 123], [123, 124], [123, 134], [125, 126], [125, 134], [139, 140], [139, 141], [141, 142], [141, 146], [142, 141], [142, 143], [146, 147], [146, 149], [151, 152], [151, 155], [156, 157], [156, 176], [182, 183], [182, 201], [191, 192], [191, 195], [193, 191], [193, 194]], "functions": {"LLMGateway.__init__": {"executed_lines": [], "summary": {"covered_lines": 0, "num_statements": 8, "percent_covered": 0.0, "percent_covered_display": "0", "missing_lines": 8, "excluded_lines": 0, "percent_statements_covered": 0.0, "percent_statements_covered_display": "0", "num_branches": 0, "num_partial_branches": 0, "covered_branches": 0, "missing_branches": 0, "percent_branches_covered": 100.0, "percent_branches_covered_display": "100"}, "missing_lines": [20, 21, 22, 25, 26, 28, 31, 32], "excluded_lines": [], "start_line": 19, "executed_branches": [], "missing_branches": []}, "LLMGateway._load_routing_policy": {"executed_lines": [], "summary": {"covered_lines": 0, "num_statements": 8, "percent_covered": 0.0, "percent_covered_display": "0", "missing_lines": 8, "excluded_lines": 0, "percent_statements_covered": 0.0, "percent_statements_covered_display": "0", "num_branches": 2, "num_partial_branches": 0, "covered_branches": 0, "missing_branches": 2, "percent_branches_covered": 0.0, "percent_branches_covered_display": "0"}, "missing_lines": [35, 36, 37, 38, 39, 40, 41, 43], "excluded_lines": [], "start_line": 34, "executed_branches": [], "missing_branches": [[36, 37], [36, 39]]}, "LLMGateway._inject_secrets": {"executed_lines": [], "summary": {"covered_lines": 0, "num_statements": 5, "percent_covered": 0.0, "percent_covered_display": "0", "missing_lines": 5, "excluded_lines": 0, "percent_statements_covered": 0.0, "percent_statements_covered_display": "0", "num_branches": 4, "num_partial_branches": 0, "covered_branches": 0, "missing_branches": 4, "percent_branches_covered": 0.0, "percent_branches_covered_display": "0"}, "missing_lines": [48, 56, 57, 58, 59], "excluded_lines": [], "start_line": 45, "executed_branches": [], "missing_branches": [[56, -45], [56, 57], [57, 56], [57, 58]]}, "LLMGateway._setup_callbacks": {"executed_lines": [], "summary": {"covered_lines": 0, "num_statements": 4, "percent_covered": 0.0, "percent_covered_display": "0", "missing_lines": 4, "excluded_lines": 0, "percent_statements_covered": 0.0, "percent_statements_covered_display": "0", "num_branches": 0, "num_partial_branches": 0, "covered_branches": 0, "missing_branches": 0, "percent_branches_covered": 100.0, "percent_branches_covered_display": "100"}, "missing_lines": [63, 79, 86, 87], "excluded_lines": [], "start_line": 61, "executed_branches": [], "missing_branches": []}, "LLMGateway._setup_callbacks.success_callback": {"executed_lines": [], "summary": {"covered_lines": 0, "num_statements": 9, "percent_covered": 0.0, "percent_covered_display": "0", "missing_lines": 9, "excluded_lines": 0, "percent_statements_covered": 0.0, "percent_statements_covered_display": "0", "num_branches": 0, "num_partial_branches": 0, "covered_branches": 0, "missing_branches": 0, "percent_branches_covered": 100.0, "percent_branches_covered_display": "100"}, "missing_lines": [64, 65, 66, 67, 68, 70, 72, 76, 77], "excluded_lines": [], "start_line": 63, "executed_branches": [], "missing_branches": []}, "LLMGateway._setup_callbacks.failure_callback": {"executed_lines": [], "summary": {"covered_lines": 0, "num_statements": 2, "percent_covered": 0.0, "percent_covered_display": "0", "missing_lines": 2, "excluded_lines": 0, "percent_statements_covered": 0.0, "percent_statements_covered_display": "0", "num_branches": 0, "num_partial_branches": 0, "covered_branches": 0, "missing_branches": 0, "percent_branches_covered": 100.0, "percent_branches_covered_display": "100"}, "missing_lines": [80, 81], "excluded_lines": [], "start_line": 79, "executed_branches": [], "missing_branches": []}, "LLMGateway.acompletion": {"executed_lines": [], "summary": {"covered_lines": 0, "num_statements": 40, "percent_covered": 0.0, "percent_covered_display": "0", "missing_lines": 40, "excluded_lines": 0, "percent_statements_covered": 0.0, "percent_statements_covered_display": "0", "num_branches": 26, "num_partial_branches": 0, "covered_branches": 0, "missing_branches": 26, "percent_branches_covered": 0.0, "percent_branches_covered_display": "0"}, "missing_lines": [103, 106, 107, 110, 111, 112, 113, 114, 116, 117, 118, 119, 123, 124, 125, 126, 134, 135, 138, 139, 140, 141, 142, 143, 146, 147, 149, 151, 152, 155, 156, 157, 158, 159, 165, 171, 172, 173, 174, 176], "excluded_lines": [], "start_line": 89, "executed_branches": [], "missing_branches": [[106, 107], [106, 110], [111, 112], [111, 113], [113, 114], [113, 116], [116, 117], [116, 118], [118, 119], [118, 123], [123, 124], [123, 134], [125, 126], [125, 134], [139, 140], [139, 141], [141, 142], [141, 146], [142, 141], [142, 143], [146, 147], [146, 149], [151, 152], [151, 155], [156, 157], [156, 176]]}, "LLMGateway._stream_completion": {"executed_lines": [], "summary": {"covered_lines": 0, "num_statements": 15, "percent_covered": 0.0, "percent_covered_display": "0", "missing_lines": 15, "excluded_lines": 0, "percent_statements_covered": 0.0, "percent_statements_covered_display": "0", "num_branches": 6, "num_partial_branches": 0, "covered_branches": 0, "missing_branches": 6, "percent_branches_covered": 0.0, "percent_branches_covered_display": "0"}, "missing_lines": [181, 182, 183, 184, 185, 191, 192, 193, 194, 195, 196, 197, 198, 199, 201], "excluded_lines": [], "start_line": 178, "executed_branches": [], "missing_branches": [[182, 183], [182, 201], [191, 192], [191, 195], [193, 191], [193, 194]]}, "": {"executed_lines": [], "summary": {"covered_lines": 0, "num_statements": 16, "percent_covered": 0.0, "percent_covered_display": "0", "missing_lines": 16, "excluded_lines": 0, "percent_statements_covered": 0.0, "percent_statements_covered_display": "0", "num_branches": 0, "num_partial_branches": 0, "covered_branches": 0, "missing_branches": 0, "percent_branches_covered": 100.0, "percent_branches_covered_display": "100"}, "missing_lines": [4, 5, 6, 7, 9, 10, 12, 16, 18, 19, 34, 45, 61, 89, 178, 204], "excluded_lines": [], "start_line": 1, "executed_branches": [], "missing_branches": []}}, "classes": {"LLMGateway": {"executed_lines": [], "summary": {"covered_lines": 0, "num_statements": 91, "percent_covered": 0.0, "percent_covered_display": "0", "missing_lines": 91, "excluded_lines": 0, "percent_statements_covered": 0.0, "percent_statements_covered_display": "0", "num_branches": 38, "num_partial_branches": 0, "covered_branches": 0, "missing_branches": 38, "percent_branches_covered": 0.0, "percent_branches_covered_display": "0"}, "missing_lines": [20, 21, 22, 25, 26, 28, 31, 32, 35, 36, 37, 38, 39, 40, 41, 43, 48, 56, 57, 58, 59, 63, 64, 65, 66, 67, 68, 70, 72, 76, 77, 79, 80, 81, 86, 87, 103, 106, 107, 110, 111, 112, 113, 114, 116, 117, 118, 119, 123, 124, 125, 126, 134, 135, 138, 139, 140, 141, 142, 143, 146, 147, 149, 151, 152, 155, 156, 157, 158, 159, 165, 171, 172, 173, 174, 176, 181, 182, 183, 184, 185, 191, 192, 193, 194, 195, 196, 197, 198, 199, 201], "excluded_lines": [], "start_line": 18, "executed_branches": [], "missing_branches": [[36, 37], [36, 39], [56, -45], [56, 57], [57, 56], [57, 58], [106, 107], [106, 110], [111, 112], [111, 113], [113, 114], [113, 116], [116, 117], [116, 118], [118, 119], [118, 123], [123, 124], [123, 134], [125, 126], [125, 134], [139, 140], [139, 141], [141, 142], [141, 146], [142, 141], [142, 143], [146, 147], [146, 149], [151, 152], [151, 155], [156, 157], [156, 176], [182, 183], [182, 201], [191, 192], [191, 195], [193, 191], [193, 194]]}, "": {"executed_lines": [], "summary": {"covered_lines": 0, "num_statements": 16, "percent_covered": 0.0, "percent_covered_display": "0", "missing_lines": 16, "excluded_lines": 0, "percent_statements_covered": 0.0, "percent_statements_covered_display": "0", "num_branches": 0, "num_partial_branches": 0, "covered_branches": 0, "missing_branches": 0, "percent_branches_covered": 100.0, "percent_branches_covered_display": "100"}, "missing_lines": [4, 5, 6, 7, 9, 10, 12, 16, 18, 19, 34, 45, 61, 89, 178, 204], "excluded_lines": [], "start_line": 1, "executed_branches": [], "missing_branches": []}}}, "core\\swarm_orchestrator.py": {"executed_lines": [], "summary": {"covered_lines": 0, "num_statements": 19, "percent_covered": 0.0, "percent_covered_display": "0", "missing_lines": 19, "excluded_lines": 0, "percent_statements_covered": 0.0, "percent_statements_covered_display": "0", "num_branches": 0, "num_partial_branches": 0, "covered_branches": 0, "missing_branches": 0, "percent_branches_covered": 100.0, "percent_branches_covered_display": "100"}, "missing_lines": [4, 6, 7, 8, 9, 12, 16, 17, 18, 19, 21, 22, 23, 25, 28, 31, 34, 36, 37], "excluded_lines": [], "executed_branches": [], "missing_branches": [], "functions": {"SwarmOrchestrator.__init__": {"executed_lines": [], "summary": {"covered_lines": 0, "num_statements": 3, "percent_covered": 0.0, "percent_covered_display": "0", "missing_lines": 3, "excluded_lines": 0, "percent_statements_covered": 0.0, "percent_statements_covered_display": "0", "num_branches": 0, "num_partial_branches": 0, "covered_branches": 0, "missing_branches": 0, "percent_branches_covered": 100.0, "percent_branches_covered_display": "100"}, "missing_lines": [17, 18, 19], "excluded_lines": [], "start_line": 16, "executed_branches": [], "missing_branches": []}, "SwarmOrchestrator.execute_task": {"executed_lines": [], "summary": {"covered_lines": 0, "num_statements": 8, "percent_covered": 0.0, "percent_covered_display": "0", "missing_lines": 8, "excluded_lines": 0, "percent_statements_covered": 0.0, "percent_statements_covered_display": "0", "num_branches": 0, "num_partial_branches": 0, "covered_branches": 0, "missing_branches": 0, "percent_branches_covered": 100.0, "percent_branches_covered_display": "100"}, "missing_lines": [22, 23, 25, 28, 31, 34, 36, 37], "excluded_lines": [], "start_line": 21, "executed_branches": [], "missing_branches": []}, "": {"executed_lines": [], "summary": {"covered_lines": 0, "num_statements": 8, "percent_covered": 0.0, "percent_covered_display": "0", "missing_lines": 8, "excluded_lines": 0, "percent_statements_covered": 0.0, "percent_statements_covered_display": "0", "num_branches": 0, "num_partial_branches": 0, "covered_branches": 0, "missing_branches": 0, "percent_branches_covered": 100.0, "percent_branches_covered_display": "100"}, "missing_lines": [4, 6, 7, 8, 9, 12, 16, 21], "excluded_lines": [], "start_line": 1, "executed_branches": [], "missing_branches": []}}, "classes": {"SwarmOrchestrator": {"executed_lines": [], "summary": {"covered_lines": 0, "num_statements": 11, "percent_covered": 0.0, "percent_covered_display": "0", "missing_lines": 11, "excluded_lines": 0, "percent_statements_covered": 0.0, "percent_statements_covered_display": "0", "num_branches": 0, "num_partial_branches": 0, "covered_branches": 0, "missing_branches": 0, "percent_branches_covered": 100.0, "percent_branches_covered_display": "100"}, "missing_lines": [17, 18, 19, 22, 23, 25, 28, 31, 34, 36, 37], "excluded_lines": [], "start_line": 12, "executed_branches": [], "missing_branches": []}, "": {"executed_lines": [], "summary": {"covered_lines": 0, "num_statements": 8, "percent_covered": 0.0, "percent_covered_display": "0", "missing_lines": 8, "excluded_lines": 0, "percent_statements_covered": 0.0, "percent_statements_covered_display": "0", "num_branches": 0, "num_partial_branches": 0, "covered_branches": 0, "missing_branches": 0, "percent_branches_covered": 100.0, "percent_branches_covered_display": "100"}, "missing_lines": [4, 6, 7, 8, 9, 12, 16, 21], "excluded_lines": [], "start_line": 1, "executed_branches": [], "missing_branches": []}}}}, "totals": {"covered_lines": 115, "num_statements": 292, "percent_covered": 33.597883597883595, "percent_covered_display": "34", "missing_lines": 177, "excluded_lines": 0, "percent_statements_covered": 39.38356164383562, "percent_statements_covered_display": "39", "num_branches": 86, "num_partial_branches": 12, "covered_branches": 12, "missing_branches": 74, "percent_branches_covered": 13.953488372093023, "percent_branches_covered_display": "14"}}