{"meta": {"format": 3, "version": "7.14.1", "timestamp": "2026-07-03T17:56:45.737984", "branch_coverage": false, "show_contexts": false}, "files": {"core\\__init__.py": {"executed_lines": [], "summary": {"covered_lines": 0, "num_statements": 0, "percent_covered": 100.0, "percent_covered_display": "100", "missing_lines": 0, "excluded_lines": 0, "percent_statements_covered": 100.0, "percent_statements_covered_display": "100"}, "missing_lines": [], "excluded_lines": [], "functions": {"": {"executed_lines": [], "summary": {"covered_lines": 0, "num_statements": 0, "percent_covered": 100.0, "percent_covered_display": "100", "missing_lines": 0, "excluded_lines": 0, "percent_statements_covered": 100.0, "percent_statements_covered_display": "100"}, "missing_lines": [], "excluded_lines": [], "start_line": 1}}, "classes": {"": {"executed_lines": [], "summary": {"covered_lines": 0, "num_statements": 0, "percent_covered": 100.0, "percent_covered_display": "100", "missing_lines": 0, "excluded_lines": 0, "percent_statements_covered": 100.0, "percent_statements_covered_display": "100"}, "missing_lines": [], "excluded_lines": [], "start_line": 1}}}, "core\\admin_god.py": {"executed_lines": [], "summary": {"covered_lines": 0, "num_statements": 41, "percent_covered": 0.0, "percent_covered_display": "0", "missing_lines": 41, "excluded_lines": 2, "percent_statements_covered": 0.0, "percent_statements_covered_display": "0"}, "missing_lines": [1, 2, 5, 6, 10, 11, 12, 15, 22, 23, 24, 25, 27, 29, 30, 31, 32, 33, 34, 35, 36, 37, 38, 40, 41, 46, 51, 52, 53, 54, 56, 61, 63, 68, 70, 71, 75, 76, 78, 81, 83], "excluded_lines": [7, 8], "functions": {"AdminGodLayer.__init__": {"executed_lines": [], "summary": {"covered_lines": 0, "num_statements": 3, "percent_covered": 0.0, "percent_covered_display": "0", "missing_lines": 3, "excluded_lines": 0, "percent_statements_covered": 0.0, "percent_statements_covered_display": "0"}, "missing_lines": [23, 24, 25], "excluded_lines": [], "start_line": 22}, "AdminGodLayer.verify_admin": {"executed_lines": [], "summary": {"covered_lines": 0, "num_statements": 10, "percent_covered": 0.0, "percent_covered_display": "0", "missing_lines": 10, "excluded_lines": 0, "percent_statements_covered": 0.0, "percent_statements_covered_display": "0"}, "missing_lines": [29, 30, 31, 32, 33, 34, 35, 36, 37, 38], "excluded_lines": [], "start_line": 27}, "AdminGodLayer.enforce": {"executed_lines": [], "summary": {"covered_lines": 0, "num_statements": 6, "percent_covered": 0.0, "percent_covered_display": "0", "missing_lines": 6, "excluded_lines": 0, "percent_statements_covered": 0.0, "percent_statements_covered_display": "0"}, "missing_lines": [41, 46, 51, 52, 53, 54], "excluded_lines": [], "start_line": 40}, "AdminGodLayer.enforce_rules": {"executed_lines": [], "summary": {"covered_lines": 0, "num_statements": 1, "percent_covered": 0.0, "percent_covered_display": "0", "missing_lines": 1, "excluded_lines": 0, "percent_statements_covered": 0.0, "percent_statements_covered_display": "0"}, "missing_lines": [61], "excluded_lines": [], "start_line": 56}, "AdminGodLayer.inject_prompt_constraints": {"executed_lines": [], "summary": {"covered_lines": 0, "num_statements": 8, "percent_covered": 0.0, "percent_covered_display": "0", "missing_lines": 8, "excluded_lines": 0, "percent_statements_covered": 0.0, "percent_statements_covered_display": "0"}, "missing_lines": [68, 70, 71, 75, 76, 78, 81, 83], "excluded_lines": [], "start_line": 63}, "": {"executed_lines": [], "summary": {"covered_lines": 0, "num_statements": 13, "percent_covered": 0.0, "percent_covered_display": "0", "missing_lines": 13, "excluded_lines": 2, "percent_statements_covered": 0.0, "percent_statements_covered_display": "0"}, "missing_lines": [1, 2, 5, 6, 10, 11, 12, 15, 22, 27, 40, 56, 63], "excluded_lines": [7, 8], "start_line": 1}}, "classes": {"AdminGodLayer": {"executed_lines": [], "summary": {"covered_lines": 0, "num_statements": 28, "percent_covered": 0.0, "percent_covered_display": "0", "missing_lines": 28, "excluded_lines": 0, "percent_statements_covered": 0.0, "percent_statements_covered_display": "0"}, "missing_lines": [23, 24, 25, 29, 30, 31, 32, 33, 34, 35, 36, 37, 38, 41, 46, 51, 52, 53, 54, 61, 68, 70, 71, 75, 76, 78, 81, 83], "excluded_lines": [], "start_line": 15}, "": {"executed_lines": [], "summary": {"covered_lines": 0, "num_statements": 13, "percent_covered": 0.0, "percent_covered_display": "0", "missing_lines": 13, "excluded_lines": 2, "percent_statements_covered": 0.0, "percent_statements_covered_display": "0"}, "missing_lines": [1, 2, 5, 6, 10, 11, 12, 15, 22, 27, 40, 56, 63], "excluded_lines": [7, 8], "start_line": 1}}}, "core\\admin_routes.py": {"executed_lines": [], "summary": {"covered_lines": 0, "num_statements": 278, "percent_covered": 0.0, "percent_covered_display": "0", "missing_lines": 278, "excluded_lines": 2, "percent_statements_covered": 0.0, "percent_statements_covered_display": "0"}, "missing_lines": [1, 2, 3, 4, 5, 6, 8, 9, 10, 11, 13, 14, 15, 16, 17, 18, 19, 20, 21, 24, 25, 30, 33, 34, 35, 36, 39, 40, 41, 42, 43, 44, 45, 48, 49, 50, 51, 54, 57, 60, 61, 62, 63, 64, 65, 67, 68, 69, 72, 75, 76, 77, 78, 80, 81, 82, 84, 85, 86, 90, 91, 93, 95, 96, 97, 98, 103, 104, 105, 106, 108, 109, 110, 111, 114, 115, 116, 119, 120, 121, 122, 123, 126, 129, 130, 131, 132, 133, 135, 136, 137, 139, 140, 141, 142, 143, 144, 145, 146, 147, 148, 149, 152, 153, 156, 157, 158, 160, 162, 163, 164, 168, 169, 171, 174, 175, 176, 178, 179, 180, 181, 182, 183, 184, 185, 187, 190, 191, 192, 193, 197, 199, 200, 201, 202, 203, 204, 207, 210, 213, 214, 215, 216, 218, 219, 220, 221, 222, 223, 225, 228, 229, 230, 231, 235, 236, 237, 239, 240, 241, 242, 243, 244, 245, 246, 247, 249, 250, 251, 252, 253, 258, 259, 261, 262, 263, 265, 271, 272, 274, 276, 277, 278, 280, 283, 284, 285, 300, 301, 302, 304, 305, 308, 309, 310, 312, 314, 315, 316, 317, 320, 323, 324, 325, 327, 328, 329, 330, 333, 334, 335, 337, 338, 339, 342, 343, 344, 346, 347, 350, 351, 352, 361, 362, 363, 366, 367, 368, 371, 372, 373, 376, 377, 378, 379, 380, 381, 382, 383, 386, 387, 388, 402, 403, 405, 406, 407, 408, 409, 411, 412, 413, 414, 415, 417, 418, 419, 420, 421, 422, 425, 426, 428, 429, 430, 431, 432, 433, 434, 435, 436, 437, 439, 440, 441, 442, 443, 444], "excluded_lines": [26, 27], "functions": {"_hash_password": {"executed_lines": [], "summary": {"covered_lines": 0, "num_statements": 3, "percent_covered": 0.0, "percent_covered_display": "0", "missing_lines": 3, "excluded_lines": 0, "percent_statements_covered": 0.0, "percent_statements_covered_display": "0"}, "missing_lines": [34, 35, 36], "excluded_lines": [], "start_line": 33}, "_verify_password": {"executed_lines": [], "summary": {"covered_lines": 0, "num_statements": 6, "percent_covered": 0.0, "percent_covered_display": "0", "missing_lines": 6, "excluded_lines": 0, "percent_statements_covered": 0.0, "percent_statements_covered_display": "0"}, "missing_lines": [40, 41, 42, 43, 44, 45], "excluded_lines": [], "start_line": 39}, "_get_admin_credentials": {"executed_lines": [], "summary": {"covered_lines": 0, "num_statements": 4, "percent_covered": 0.0, "percent_covered_display": "0", "missing_lines": 4, "excluded_lines": 0, "percent_statements_covered": 0.0, "percent_statements_covered_display": "0"}, "missing_lines": [49, 50, 51, 54], "excluded_lines": [], "start_line": 48}, "admin_login": {"executed_lines": [], "summary": {"covered_lines": 0, "num_statements": 8, "percent_covered": 0.0, "percent_covered_display": "0", "missing_lines": 8, "excluded_lines": 0, "percent_statements_covered": 0.0, "percent_statements_covered_display": "0"}, "missing_lines": [62, 63, 64, 65, 67, 68, 69, 72], "excluded_lines": [], "start_line": 61}, "admin_verify": {"executed_lines": [], "summary": {"covered_lines": 0, "num_statements": 15, "percent_covered": 0.0, "percent_covered_display": "0", "missing_lines": 15, "excluded_lines": 0, "percent_statements_covered": 0.0, "percent_statements_covered_display": "0"}, "missing_lines": [77, 78, 80, 81, 82, 84, 85, 86, 90, 91, 93, 95, 96, 97, 98], "excluded_lines": [], "start_line": 76}, "admin_firebase_login": {"executed_lines": [], "summary": {"covered_lines": 0, "num_statements": 46, "percent_covered": 0.0, "percent_covered_display": "0", "missing_lines": 46, "excluded_lines": 0, "percent_statements_covered": 0.0, "percent_statements_covered_display": "0"}, "missing_lines": [105, 106, 108, 109, 110, 111, 114, 115, 116, 119, 120, 121, 122, 123, 126, 129, 130, 131, 132, 133, 135, 136, 137, 139, 140, 141, 142, 143, 144, 145, 146, 147, 148, 149, 152, 153, 156, 157, 158, 160, 162, 163, 164, 168, 169, 171], "excluded_lines": [], "start_line": 104}, "admin_firebase_totp_setup": {"executed_lines": [], "summary": {"covered_lines": 0, "num_statements": 23, "percent_covered": 0.0, "percent_covered_display": "0", "missing_lines": 23, "excluded_lines": 0, "percent_statements_covered": 0.0, "percent_statements_covered_display": "0"}, "missing_lines": [176, 178, 179, 180, 181, 182, 183, 184, 185, 187, 190, 191, 192, 193, 197, 199, 200, 201, 202, 203, 204, 207, 210], "excluded_lines": [], "start_line": 175}, "admin_firebase_totp_verify": {"executed_lines": [], "summary": {"covered_lines": 0, "num_statements": 43, "percent_covered": 0.0, "percent_covered_display": "0", "missing_lines": 43, "excluded_lines": 0, "percent_statements_covered": 0.0, "percent_statements_covered_display": "0"}, "missing_lines": [215, 216, 218, 219, 220, 221, 222, 223, 225, 228, 229, 230, 231, 235, 236, 237, 239, 240, 241, 242, 243, 244, 245, 246, 247, 249, 250, 251, 252, 253, 258, 259, 261, 262, 263, 265, 271, 272, 274, 276, 277, 278, 280], "excluded_lines": [], "start_line": 214}, "cloud_distribution": {"executed_lines": [], "summary": {"covered_lines": 0, "num_statements": 1, "percent_covered": 0.0, "percent_covered_display": "0", "missing_lines": 1, "excluded_lines": 0, "percent_statements_covered": 0.0, "percent_statements_covered_display": "0"}, "missing_lines": [285], "excluded_lines": [], "start_line": 284}, "free_tier_status": {"executed_lines": [], "summary": {"covered_lines": 0, "num_statements": 3, "percent_covered": 0.0, "percent_covered_display": "0", "missing_lines": 3, "excluded_lines": 0, "percent_statements_covered": 0.0, "percent_statements_covered_display": "0"}, "missing_lines": [302, 304, 305], "excluded_lines": [], "start_line": 301}, "free_tier_provider_status": {"executed_lines": [], "summary": {"covered_lines": 0, "num_statements": 7, "percent_covered": 0.0, "percent_covered_display": "0", "missing_lines": 7, "excluded_lines": 0, "percent_statements_covered": 0.0, "percent_statements_covered_display": "0"}, "missing_lines": [310, 312, 314, 315, 316, 317, 320], "excluded_lines": [], "start_line": 309}, "free_tier_pause_provider": {"executed_lines": [], "summary": {"covered_lines": 0, "num_statements": 5, "percent_covered": 0.0, "percent_covered_display": "0", "missing_lines": 5, "excluded_lines": 0, "percent_statements_covered": 0.0, "percent_statements_covered_display": "0"}, "missing_lines": [325, 327, 328, 329, 330], "excluded_lines": [], "start_line": 324}, "free_tier_override_limits": {"executed_lines": [], "summary": {"covered_lines": 0, "num_statements": 4, "percent_covered": 0.0, "percent_covered_display": "0", "missing_lines": 4, "excluded_lines": 0, "percent_statements_covered": 0.0, "percent_statements_covered_display": "0"}, "missing_lines": [335, 337, 338, 339], "excluded_lines": [], "start_line": 334}, "token_budget_stats": {"executed_lines": [], "summary": {"covered_lines": 0, "num_statements": 3, "percent_covered": 0.0, "percent_covered_display": "0", "missing_lines": 3, "excluded_lines": 0, "percent_statements_covered": 0.0, "percent_statements_covered_display": "0"}, "missing_lines": [344, 346, 347], "excluded_lines": [], "start_line": 343}, "gcp_health": {"executed_lines": [], "summary": {"covered_lines": 0, "num_statements": 1, "percent_covered": 0.0, "percent_covered_display": "0", "missing_lines": 1, "excluded_lines": 0, "percent_statements_covered": 0.0, "percent_statements_covered_display": "0"}, "missing_lines": [352], "excluded_lines": [], "start_line": 351}, "gcp_verification_queue_stats": {"executed_lines": [], "summary": {"covered_lines": 0, "num_statements": 1, "percent_covered": 0.0, "percent_covered_display": "0", "missing_lines": 1, "excluded_lines": 0, "percent_statements_covered": 0.0, "percent_statements_covered_display": "0"}, "missing_lines": [363], "excluded_lines": [], "start_line": 362}, "gcp_pubsub_stats": {"executed_lines": [], "summary": {"covered_lines": 0, "num_statements": 1, "percent_covered": 0.0, "percent_covered_display": "0", "missing_lines": 1, "excluded_lines": 0, "percent_statements_covered": 0.0, "percent_statements_covered_display": "0"}, "missing_lines": [368], "excluded_lines": [], "start_line": 367}, "get_admin_rules": {"executed_lines": [], "summary": {"covered_lines": 0, "num_statements": 1, "percent_covered": 0.0, "percent_covered_display": "0", "missing_lines": 1, "excluded_lines": 0, "percent_statements_covered": 0.0, "percent_statements_covered_display": "0"}, "missing_lines": [373], "excluded_lines": [], "start_line": 372}, "post_admin_rules": {"executed_lines": [], "summary": {"covered_lines": 0, "num_statements": 6, "percent_covered": 0.0, "percent_covered_display": "0", "missing_lines": 6, "excluded_lines": 0, "percent_statements_covered": 0.0, "percent_statements_covered_display": "0"}, "missing_lines": [378, 379, 380, 381, 382, 383], "excluded_lines": [], "start_line": 377}, "get_skills": {"executed_lines": [], "summary": {"covered_lines": 0, "num_statements": 1, "percent_covered": 0.0, "percent_covered_display": "0", "missing_lines": 1, "excluded_lines": 0, "percent_statements_covered": 0.0, "percent_statements_covered_display": "0"}, "missing_lines": [388], "excluded_lines": [], "start_line": 387}, "verify_totp_code": {"executed_lines": [], "summary": {"covered_lines": 0, "num_statements": 17, "percent_covered": 0.0, "percent_covered_display": "0", "missing_lines": 17, "excluded_lines": 0, "percent_statements_covered": 0.0, "percent_statements_covered_display": "0"}, "missing_lines": [403, 405, 406, 407, 408, 409, 411, 412, 413, 414, 415, 417, 418, 419, 420, 421, 422], "excluded_lines": [], "start_line": 402}, "check_totp": {"executed_lines": [], "summary": {"covered_lines": 0, "num_statements": 17, "percent_covered": 0.0, "percent_covered_display": "0", "missing_lines": 17, "excluded_lines": 0, "percent_statements_covered": 0.0, "percent_statements_covered_display": "0"}, "missing_lines": [426, 428, 429, 430, 431, 432, 433, 434, 435, 436, 437, 439, 440, 441, 442, 443, 444], "excluded_lines": [], "start_line": 425}, "": {"executed_lines": [], "summary": {"covered_lines": 0, "num_statements": 62, "percent_covered": 0.0, "percent_covered_display": "0", "missing_lines": 62, "excluded_lines": 2, "percent_statements_covered": 0.0, "percent_statements_covered_display": "0"}, "missing_lines": [1, 2, 3, 4, 5, 6, 8, 9, 10, 11, 13, 14, 15, 16, 17, 18, 19, 20, 21, 24, 25, 30, 33, 39, 48, 57, 60, 61, 75, 76, 103, 104, 174, 175, 213, 214, 283, 284, 300, 301, 308, 309, 323, 324, 333, 334, 342, 343, 350, 351, 361, 362, 366, 367, 371, 372, 376, 377, 386, 387, 402, 425], "excluded_lines": [26, 27], "start_line": 1}}, "classes": {"": {"executed_lines": [], "summary": {"covered_lines": 0, "num_statements": 278, "percent_covered": 0.0, "percent_covered_display": "0", "missing_lines": 278, "excluded_lines": 2, "percent_statements_covered": 0.0, "percent_statements_covered_display": "0"}, "missing_lines": [1, 2, 3, 4, 5, 6, 8, 9, 10, 11, 13, 14, 15, 16, 17, 18, 19, 20, 21, 24, 25, 30, 33, 34, 35, 36, 39, 40, 41, 42, 43, 44, 45, 48, 49, 50, 51, 54, 57, 60, 61, 62, 63, 64, 65, 67, 68, 69, 72, 75, 76, 77, 78, 80, 81, 82, 84, 85, 86, 90, 91, 93, 95, 96, 97, 98, 103, 104, 105, 106, 108, 109, 110, 111, 114, 115, 116, 119, 120, 121, 122, 123, 126, 129, 130, 131, 132, 133, 135, 136, 137, 139, 140, 141, 142, 143, 144, 145, 146, 147, 148, 149, 152, 153, 156, 157, 158, 160, 162, 163, 164, 168, 169, 171, 174, 175, 176, 178, 179, 180, 181, 182, 183, 184, 185, 187, 190, 191, 192, 193, 197, 199, 200, 201, 202, 203, 204, 207, 210, 213, 214, 215, 216, 218, 219, 220, 221, 222, 223, 225, 228, 229, 230, 231, 235, 236, 237, 239, 240, 241, 242, 243, 244, 245, 246, 247, 249, 250, 251, 252, 253, 258, 259, 261, 262, 263, 265, 271, 272, 274, 276, 277, 278, 280, 283, 284, 285, 300, 301, 302, 304, 305, 308, 309, 310, 312, 314, 315, 316, 317, 320, 323, 324, 325, 327, 328, 329, 330, 333, 334, 335, 337, 338, 339, 342, 343, 344, 346, 347, 350, 351, 352, 361, 362, 363, 366, 367, 368, 371, 372, 373, 376, 377, 378, 379, 380, 381, 382, 383, 386, 387, 388, 402, 403, 405, 406, 407, 408, 409, 411, 412, 413, 414, 415, 417, 418, 419, 420, 421, 422, 425, 426, 428, 429, 430, 431, 432, 433, 434, 435, 436, 437, 439, 440, 441, 442, 443, 444], "excluded_lines": [26, 27], "start_line": 1}}}, "core\\agent_orchestrator.py": {"executed_lines": [], "summary": {"covered_lines": 0, "num_statements": 125, "percent_covered": 0.0, "percent_covered_display": "0", "missing_lines": 125, "excluded_lines": 0, "percent_statements_covered": 0.0, "percent_statements_covered_display": "0"}, "missing_lines": [1, 2, 3, 4, 6, 7, 10, 11, 12, 17, 18, 19, 21, 22, 23, 24, 28, 69, 70, 73, 74, 75, 78, 79, 80, 82, 83, 84, 91, 94, 101, 102, 107, 114, 121, 128, 133, 140, 148, 149, 150, 151, 152, 153, 154, 155, 156, 158, 159, 160, 161, 162, 163, 164, 166, 167, 168, 169, 170, 171, 172, 174, 175, 176, 177, 179, 180, 181, 182, 183, 185, 186, 197, 198, 199, 200, 201, 204, 205, 206, 208, 209, 211, 213, 222, 224, 226, 227, 228, 229, 230, 232, 237, 238, 240, 242, 243, 244, 245, 247, 248, 249, 250, 257, 259, 260, 261, 262, 263, 265, 271, 279, 295, 297, 298, 299, 300, 301, 302, 303, 304, 309, 312, 313, 315], "excluded_lines": [], "functions": {"_normalize": {"executed_lines": [], "summary": {"covered_lines": 0, "num_statements": 1, "percent_covered": 0.0, "percent_covered_display": "0", "missing_lines": 1, "excluded_lines": 0, "percent_statements_covered": 0.0, "percent_statements_covered_display": "0"}, "missing_lines": [70], "excluded_lines": [], "start_line": 69}, "_matches_any": {"executed_lines": [], "summary": {"covered_lines": 0, "num_statements": 2, "percent_covered": 0.0, "percent_covered_display": "0", "missing_lines": 2, "excluded_lines": 0, "percent_statements_covered": 0.0, "percent_statements_covered_display": "0"}, "missing_lines": [74, 75], "excluded_lines": [], "start_line": 73}, "route_request": {"executed_lines": [], "summary": {"covered_lines": 0, "num_statements": 15, "percent_covered": 0.0, "percent_covered_display": "0", "missing_lines": 15, "excluded_lines": 0, "percent_statements_covered": 0.0, "percent_statements_covered_display": "0"}, "missing_lines": [79, 80, 82, 83, 84, 91, 94, 101, 102, 107, 114, 121, 128, 133, 140], "excluded_lines": [], "start_line": 78}, "AgentCircuitBreaker.__init__": {"executed_lines": [], "summary": {"covered_lines": 0, "num_statements": 7, "percent_covered": 0.0, "percent_covered_display": "0", "missing_lines": 7, "excluded_lines": 0, "percent_statements_covered": 0.0, "percent_statements_covered_display": "0"}, "missing_lines": [150, 151, 152, 153, 154, 155, 156], "excluded_lines": [], "start_line": 149}, "AgentCircuitBreaker.increment_iteration": {"executed_lines": [], "summary": {"covered_lines": 0, "num_statements": 6, "percent_covered": 0.0, "percent_covered_display": "0", "missing_lines": 6, "excluded_lines": 0, "percent_statements_covered": 0.0, "percent_statements_covered_display": "0"}, "missing_lines": [159, 160, 161, 162, 163, 164], "excluded_lines": [], "start_line": 158}, "AgentCircuitBreaker.add_tokens": {"executed_lines": [], "summary": {"covered_lines": 0, "num_statements": 6, "percent_covered": 0.0, "percent_covered_display": "0", "missing_lines": 6, "excluded_lines": 0, "percent_statements_covered": 0.0, "percent_statements_covered_display": "0"}, "missing_lines": [167, 168, 169, 170, 171, 172], "excluded_lines": [], "start_line": 166}, "AgentCircuitBreaker.check_limits": {"executed_lines": [], "summary": {"covered_lines": 0, "num_statements": 3, "percent_covered": 0.0, "percent_covered_display": "0", "missing_lines": 3, "excluded_lines": 0, "percent_statements_covered": 0.0, "percent_statements_covered_display": "0"}, "missing_lines": [175, 176, 177], "excluded_lines": [], "start_line": 174}, "AgentCircuitBreaker.reset": {"executed_lines": [], "summary": {"covered_lines": 0, "num_statements": 4, "percent_covered": 0.0, "percent_covered_display": "0", "missing_lines": 4, "excluded_lines": 0, "percent_statements_covered": 0.0, "percent_statements_covered_display": "0"}, "missing_lines": [180, 181, 182, 183], "excluded_lines": [], "start_line": 179}, "AgentCircuitBreaker.get_status": {"executed_lines": [], "summary": {"covered_lines": 0, "num_statements": 1, "percent_covered": 0.0, "percent_covered_display": "0", "missing_lines": 1, "excluded_lines": 0, "percent_statements_covered": 0.0, "percent_statements_covered_display": "0"}, "missing_lines": [186], "excluded_lines": [], "start_line": 185}, "AsyncTaskManager.__init__": {"executed_lines": [], "summary": {"covered_lines": 0, "num_statements": 1, "percent_covered": 0.0, "percent_covered_display": "0", "missing_lines": 1, "excluded_lines": 0, "percent_statements_covered": 0.0, "percent_statements_covered_display": "0"}, "missing_lines": [206], "excluded_lines": [], "start_line": 205}, "AsyncTaskManager.create_task": {"executed_lines": [], "summary": {"covered_lines": 0, "num_statements": 5, "percent_covered": 0.0, "percent_covered_display": "0", "missing_lines": 5, "excluded_lines": 0, "percent_statements_covered": 0.0, "percent_statements_covered_display": "0"}, "missing_lines": [209, 211, 213, 222, 224], "excluded_lines": [], "start_line": 208}, "AsyncTaskManager._enqueue_task": {"executed_lines": [], "summary": {"covered_lines": 0, "num_statements": 8, "percent_covered": 0.0, "percent_covered_display": "0", "missing_lines": 8, "excluded_lines": 0, "percent_statements_covered": 0.0, "percent_statements_covered_display": "0"}, "missing_lines": [227, 228, 229, 230, 232, 237, 238, 240], "excluded_lines": [], "start_line": 226}, "AsyncTaskManager._simulate_task": {"executed_lines": [], "summary": {"covered_lines": 0, "num_statements": 3, "percent_covered": 0.0, "percent_covered_display": "0", "missing_lines": 3, "excluded_lines": 0, "percent_statements_covered": 0.0, "percent_statements_covered_display": "0"}, "missing_lines": [243, 244, 245], "excluded_lines": [], "start_line": 242}, "AsyncTaskManager.get_task": {"executed_lines": [], "summary": {"covered_lines": 0, "num_statements": 4, "percent_covered": 0.0, "percent_covered_display": "0", "missing_lines": 4, "excluded_lines": 0, "percent_statements_covered": 0.0, "percent_statements_covered_display": "0"}, "missing_lines": [248, 249, 250, 257], "excluded_lines": [], "start_line": 247}, "AsyncTaskManager.get_stats": {"executed_lines": [], "summary": {"covered_lines": 0, "num_statements": 5, "percent_covered": 0.0, "percent_covered_display": "0", "missing_lines": 5, "excluded_lines": 0, "percent_statements_covered": 0.0, "percent_statements_covered_display": "0"}, "missing_lines": [260, 261, 262, 263, 265], "excluded_lines": [], "start_line": 259}, "budget_aware_route": {"executed_lines": [], "summary": {"covered_lines": 0, "num_statements": 13, "percent_covered": 0.0, "percent_covered_display": "0", "missing_lines": 13, "excluded_lines": 0, "percent_statements_covered": 0.0, "percent_statements_covered_display": "0"}, "missing_lines": [295, 297, 298, 299, 300, 301, 302, 303, 304, 309, 312, 313, 315], "excluded_lines": [], "start_line": 279}, "": {"executed_lines": [], "summary": {"covered_lines": 0, "num_statements": 41, "percent_covered": 0.0, "percent_covered_display": "0", "missing_lines": 41, "excluded_lines": 0, "percent_statements_covered": 0.0, "percent_statements_covered_display": "0"}, "missing_lines": [1, 2, 3, 4, 6, 7, 10, 11, 12, 17, 18, 19, 21, 22, 23, 24, 28, 69, 73, 78, 148, 149, 158, 166, 174, 179, 185, 197, 198, 199, 200, 201, 204, 205, 208, 226, 242, 247, 259, 271, 279], "excluded_lines": [], "start_line": 1}}, "classes": {"AgentCircuitBreaker": {"executed_lines": [], "summary": {"covered_lines": 0, "num_statements": 27, "percent_covered": 0.0, "percent_covered_display": "0", "missing_lines": 27, "excluded_lines": 0, "percent_statements_covered": 0.0, "percent_statements_covered_display": "0"}, "missing_lines": [150, 151, 152, 153, 154, 155, 156, 159, 160, 161, 162, 163, 164, 167, 168, 169, 170, 171, 172, 175, 176, 177, 180, 181, 182, 183, 186], "excluded_lines": [], "start_line": 148}, "SmartSemanticRouter": {"executed_lines": [], "summary": {"covered_lines": 0, "num_statements": 0, "percent_covered": 100.0, "percent_covered_display": "100", "missing_lines": 0, "excluded_lines": 0, "percent_statements_covered": 100.0, "percent_statements_covered_display": "100"}, "missing_lines": [], "excluded_lines": [], "start_line": 197}, "AsyncTaskManager": {"executed_lines": [], "summary": {"covered_lines": 0, "num_statements": 26, "percent_covered": 0.0, "percent_covered_display": "0", "missing_lines": 26, "excluded_lines": 0, "percent_statements_covered": 0.0, "percent_statements_covered_display": "0"}, "missing_lines": [206, 209, 211, 213, 222, 224, 227, 228, 229, 230, 232, 237, 238, 240, 243, 244, 245, 248, 249, 250, 257, 260, 261, 262, 263, 265], "excluded_lines": [], "start_line": 204}, "": {"executed_lines": [], "summary": {"covered_lines": 0, "num_statements": 72, "percent_covered": 0.0, "percent_covered_display": "0", "missing_lines": 72, "excluded_lines": 0, "percent_statements_covered": 0.0, "percent_statements_covered_display": "0"}, "missing_lines": [1, 2, 3, 4, 6, 7, 10, 11, 12, 17, 18, 19, 21, 22, 23, 24, 28, 69, 70, 73, 74, 75, 78, 79, 80, 82, 83, 84, 91, 94, 101, 102, 107, 114, 121, 128, 133, 140, 148, 149, 158, 166, 174, 179, 185, 197, 198, 199, 200, 201, 204, 205, 208, 226, 242, 247, 259, 271, 279, 295, 297, 298, 299, 300, 301, 302, 303, 304, 309, 312, 313, 315], "excluded_lines": [], "start_line": 1}}}, "core\\api_key_middleware.py": {"executed_lines": [], "summary": {"covered_lines": 0, "num_statements": 45, "percent_covered": 0.0, "percent_covered_display": "0", "missing_lines": 45, "excluded_lines": 0, "percent_statements_covered": 0.0, "percent_statements_covered_display": "0"}, "missing_lines": [1, 2, 3, 4, 6, 7, 8, 9, 11, 12, 13, 14, 15, 16, 19, 20, 21, 22, 23, 25, 26, 27, 28, 30, 31, 32, 36, 38, 39, 41, 45, 46, 47, 48, 49, 50, 52, 53, 54, 55, 57, 61, 62, 69, 70], "excluded_lines": [], "functions": {"APIKeyAuthMiddleware.__init__": {"executed_lines": [], "summary": {"covered_lines": 0, "num_statements": 3, "percent_covered": 0.0, "percent_covered_display": "0", "missing_lines": 3, "excluded_lines": 0, "percent_statements_covered": 0.0, "percent_statements_covered_display": "0"}, "missing_lines": [21, 22, 23], "excluded_lines": [], "start_line": 20}, "APIKeyAuthMiddleware.dispatch": {"executed_lines": [], "summary": {"covered_lines": 0, "num_statements": 25, "percent_covered": 0.0, "percent_covered_display": "0", "missing_lines": 25, "excluded_lines": 0, "percent_statements_covered": 0.0, "percent_statements_covered_display": "0"}, "missing_lines": [26, 27, 28, 30, 31, 32, 36, 38, 39, 41, 45, 46, 47, 48, 49, 50, 52, 53, 54, 55, 57, 61, 62, 69, 70], "excluded_lines": [], "start_line": 25}, "": {"executed_lines": [], "summary": {"covered_lines": 0, "num_statements": 17, "percent_covered": 0.0, "percent_covered_display": "0", "missing_lines": 17, "excluded_lines": 0, "percent_statements_covered": 0.0, "percent_statements_covered_display": "0"}, "missing_lines": [1, 2, 3, 4, 6, 7, 8, 9, 11, 12, 13, 14, 15, 16, 19, 20, 25], "excluded_lines": [], "start_line": 1}}, "classes": {"APIKeyAuthMiddleware": {"executed_lines": [], "summary": {"covered_lines": 0, "num_statements": 28, "percent_covered": 0.0, "percent_covered_display": "0", "missing_lines": 28, "excluded_lines": 0, "percent_statements_covered": 0.0, "percent_statements_covered_display": "0"}, "missing_lines": [21, 22, 23, 26, 27, 28, 30, 31, 32, 36, 38, 39, 41, 45, 46, 47, 48, 49, 50, 52, 53, 54, 55, 57, 61, 62, 69, 70], "excluded_lines": [], "start_line": 19}, "": {"executed_lines": [], "summary": {"covered_lines": 0, "num_statements": 17, "percent_covered": 0.0, "percent_covered_display": "0", "missing_lines": 17, "excluded_lines": 0, "percent_statements_covered": 0.0, "percent_statements_covered_display": "0"}, "missing_lines": [1, 2, 3, 4, 6, 7, 8, 9, 11, 12, 13, 14, 15, 16, 19, 20, 25], "excluded_lines": [], "start_line": 1}}}, "core\\api_key_rate_limiter.py": {"executed_lines": [], "summary": {"covered_lines": 0, "num_statements": 22, "percent_covered": 0.0, "percent_covered_display": "0", "missing_lines": 22, "excluded_lines": 0, "percent_statements_covered": 0.0, "percent_statements_covered_display": "0"}, "missing_lines": [1, 3, 6, 9, 10, 11, 12, 13, 15, 16, 18, 19, 20, 21, 22, 23, 24, 25, 27, 28, 29, 30], "excluded_lines": [], "functions": {"APIKeyRateLimiter.__init__": {"executed_lines": [], "summary": {"covered_lines": 0, "num_statements": 4, "percent_covered": 0.0, "percent_covered_display": "0", "missing_lines": 4, "excluded_lines": 0, "percent_statements_covered": 0.0, "percent_statements_covered_display": "0"}, "missing_lines": [10, 11, 12, 13], "excluded_lines": [], "start_line": 9}, "APIKeyRateLimiter._cleanup": {"executed_lines": [], "summary": {"covered_lines": 0, "num_statements": 1, "percent_covered": 0.0, "percent_covered_display": "0", "missing_lines": 1, "excluded_lines": 0, "percent_statements_covered": 0.0, "percent_statements_covered_display": "0"}, "missing_lines": [16], "excluded_lines": [], "start_line": 15}, "APIKeyRateLimiter.is_allowed": {"executed_lines": [], "summary": {"covered_lines": 0, "num_statements": 7, "percent_covered": 0.0, "percent_covered_display": "0", "missing_lines": 7, "excluded_lines": 0, "percent_statements_covered": 0.0, "percent_statements_covered_display": "0"}, "missing_lines": [19, 20, 21, 22, 23, 24, 25], "excluded_lines": [], "start_line": 18}, "APIKeyRateLimiter.remaining": {"executed_lines": [], "summary": {"covered_lines": 0, "num_statements": 3, "percent_covered": 0.0, "percent_covered_display": "0", "missing_lines": 3, "excluded_lines": 0, "percent_statements_covered": 0.0, "percent_statements_covered_display": "0"}, "missing_lines": [28, 29, 30], "excluded_lines": [], "start_line": 27}, "": {"executed_lines": [], "summary": {"covered_lines": 0, "num_statements": 7, "percent_covered": 0.0, "percent_covered_display": "0", "missing_lines": 7, "excluded_lines": 0, "percent_statements_covered": 0.0, "percent_statements_covered_display": "0"}, "missing_lines": [1, 3, 6, 9, 15, 18, 27], "excluded_lines": [], "start_line": 1}}, "classes": {"APIKeyRateLimiter": {"executed_lines": [], "summary": {"covered_lines": 0, "num_statements": 15, "percent_covered": 0.0, "percent_covered_display": "0", "missing_lines": 15, "excluded_lines": 0, "percent_statements_covered": 0.0, "percent_statements_covered_display": "0"}, "missing_lines": [10, 11, 12, 13, 16, 19, 20, 21, 22, 23, 24, 25, 28, 29, 30], "excluded_lines": [], "start_line": 6}, "": {"executed_lines": [], "summary": {"covered_lines": 0, "num_statements": 7, "percent_covered": 0.0, "percent_covered_display": "0", "missing_lines": 7, "excluded_lines": 0, "percent_statements_covered": 0.0, "percent_statements_covered_display": "0"}, "missing_lines": [1, 3, 6, 9, 15, 18, 27], "excluded_lines": [], "start_line": 1}}}, "core\\app.py": {"executed_lines": [], "summary": {"covered_lines": 0, "num_statements": 290, "percent_covered": 0.0, "percent_covered_display": "0", "missing_lines": 290, "excluded_lines": 0, "percent_statements_covered": 0.0, "percent_statements_covered_display": "0"}, "missing_lines": [1, 2, 3, 5, 6, 7, 8, 9, 10, 11, 12, 13, 14, 16, 17, 18, 19, 20, 21, 22, 23, 24, 25, 26, 29, 30, 31, 32, 33, 34, 35, 36, 37, 38, 39, 44, 46, 48, 50, 53, 54, 55, 60, 61, 64, 65, 68, 69, 74, 77, 78, 79, 80, 83, 85, 86, 88, 95, 107, 108, 112, 121, 122, 123, 124, 125, 126, 127, 128, 131, 132, 133, 143, 144, 145, 146, 147, 148, 149, 150, 151, 153, 154, 161, 165, 166, 173, 174, 175, 181, 182, 183, 184, 185, 186, 187, 188, 189, 190, 191, 192, 193, 194, 195, 196, 197, 198, 199, 200, 201, 202, 203, 204, 205, 206, 207, 208, 209, 210, 211, 212, 215, 217, 218, 219, 220, 221, 222, 223, 224, 225, 226, 227, 228, 229, 230, 231, 232, 233, 234, 235, 236, 237, 238, 239, 240, 241, 242, 243, 244, 245, 246, 247, 248, 249, 250, 251, 252, 253, 254, 255, 256, 257, 258, 259, 260, 261, 262, 263, 264, 265, 266, 267, 268, 269, 270, 271, 272, 273, 274, 275, 276, 277, 278, 280, 281, 282, 283, 285, 288, 289, 291, 292, 294, 295, 296, 298, 301, 302, 305, 306, 308, 309, 310, 312, 313, 315, 316, 317, 319, 320, 322, 323, 324, 326, 327, 329, 330, 331, 333, 334, 336, 337, 338, 340, 341, 343, 344, 345, 347, 348, 350, 351, 352, 354, 355, 356, 357, 360, 361, 363, 364, 365, 368, 369, 371, 372, 373, 374, 376, 377, 379, 380, 381, 383, 384, 386, 387, 388, 390, 391, 393, 394, 395, 397, 400, 403, 404, 405, 406, 407, 409, 410, 411, 413, 416, 417, 419, 420, 421, 422, 424, 426, 429, 431, 432, 434, 435, 436, 438], "excluded_lines": [], "functions": {"InterceptHandler.emit": {"executed_lines": [], "summary": {"covered_lines": 0, "num_statements": 9, "percent_covered": 0.0, "percent_covered_display": "0", "missing_lines": 9, "excluded_lines": 0, "percent_statements_covered": 0.0, "percent_statements_covered_display": "0"}, "missing_lines": [31, 32, 33, 34, 35, 36, 37, 38, 39], "excluded_lines": [], "start_line": 30}, "_docs_auth": {"executed_lines": [], "summary": {"covered_lines": 0, "num_statements": 4, "percent_covered": 0.0, "percent_covered_display": "0", "missing_lines": 4, "excluded_lines": 0, "percent_statements_covered": 0.0, "percent_statements_covered_display": "0"}, "missing_lines": [65, 68, 69, 74], "excluded_lines": [], "start_line": 64}, "_maybe_docs_auth": {"executed_lines": [], "summary": {"covered_lines": 0, "num_statements": 3, "percent_covered": 0.0, "percent_covered_display": "0", "missing_lines": 3, "excluded_lines": 0, "percent_statements_covered": 0.0, "percent_statements_covered_display": "0"}, "missing_lines": [78, 79, 80], "excluded_lines": [], "start_line": 77}, "custom_http_exception_handler": {"executed_lines": [], "summary": {"covered_lines": 0, "num_statements": 1, "percent_covered": 0.0, "percent_covered_display": "0", "missing_lines": 1, "excluded_lines": 0, "percent_statements_covered": 0.0, "percent_statements_covered_display": "0"}, "missing_lines": [133], "excluded_lines": [], "start_line": 132}, "health": {"executed_lines": [], "summary": {"covered_lines": 0, "num_statements": 12, "percent_covered": 0.0, "percent_covered_display": "0", "missing_lines": 12, "excluded_lines": 0, "percent_statements_covered": 0.0, "percent_statements_covered_display": "0"}, "missing_lines": [145, 146, 147, 148, 149, 150, 151, 153, 154, 161, 165, 166], "excluded_lines": [], "start_line": 144}, "actuator_health": {"executed_lines": [], "summary": {"covered_lines": 0, "num_statements": 1, "percent_covered": 0.0, "percent_covered_display": "0", "missing_lines": 1, "excluded_lines": 0, "percent_statements_covered": 0.0, "percent_statements_covered_display": "0"}, "missing_lines": [175], "excluded_lines": [], "start_line": 174}, "": {"executed_lines": [], "summary": {"covered_lines": 0, "num_statements": 260, "percent_covered": 0.0, "percent_covered_display": "0", "missing_lines": 260, "excluded_lines": 0, "percent_statements_covered": 0.0, "percent_statements_covered_display": "0"}, "missing_lines": [1, 2, 3, 5, 6, 7, 8, 9, 10, 11, 12, 13, 14, 16, 17, 18, 19, 20, 21, 22, 23, 24, 25, 26, 29, 30, 44, 46, 48, 50, 53, 54, 55, 60, 61, 64, 77, 83, 85, 86, 88, 95, 107, 108, 112, 121, 122, 123, 124, 125, 126, 127, 128, 131, 132, 143, 144, 173, 174, 181, 182, 183, 184, 185, 186, 187, 188, 189, 190, 191, 192, 193, 194, 195, 196, 197, 198, 199, 200, 201, 202, 203, 204, 205, 206, 207, 208, 209, 210, 211, 212, 215, 217, 218, 219, 220, 221, 222, 223, 224, 225, 226, 227, 228, 229, 230, 231, 232, 233, 234, 235, 236, 237, 238, 239, 240, 241, 242, 243, 244, 245, 246, 247, 248, 249, 250, 251, 252, 253, 254, 255, 256, 257, 258, 259, 260, 261, 262, 263, 264, 265, 266, 267, 268, 269, 270, 271, 272, 273, 274, 275, 276, 277, 278, 280, 281, 282, 283, 285, 288, 289, 291, 292, 294, 295, 296, 298, 301, 302, 305, 306, 308, 309, 310, 312, 313, 315, 316, 317, 319, 320, 322, 323, 324, 326, 327, 329, 330, 331, 333, 334, 336, 337, 338, 340, 341, 343, 344, 345, 347, 348, 350, 351, 352, 354, 355, 356, 357, 360, 361, 363, 364, 365, 368, 369, 371, 372, 373, 374, 376, 377, 379, 380, 381, 383, 384, 386, 387, 388, 390, 391, 393, 394, 395, 397, 400, 403, 404, 405, 406, 407, 409, 410, 411, 413, 416, 417, 419, 420, 421, 422, 424, 426, 429, 431, 432, 434, 435, 436, 438], "excluded_lines": [], "start_line": 1}}, "classes": {"InterceptHandler": {"executed_lines": [], "summary": {"covered_lines": 0, "num_statements": 9, "percent_covered": 0.0, "percent_covered_display": "0", "missing_lines": 9, "excluded_lines": 0, "percent_statements_covered": 0.0, "percent_statements_covered_display": "0"}, "missing_lines": [31, 32, 33, 34, 35, 36, 37, 38, 39], "excluded_lines": [], "start_line": 29}, "": {"executed_lines": [], "summary": {"covered_lines": 0, "num_statements": 281, "percent_covered": 0.0, "percent_covered_display": "0", "missing_lines": 281, "excluded_lines": 0, "percent_statements_covered": 0.0, "percent_statements_covered_display": "0"}, "missing_lines": [1, 2, 3, 5, 6, 7, 8, 9, 10, 11, 12, 13, 14, 16, 17, 18, 19, 20, 21, 22, 23, 24, 25, 26, 29, 30, 44, 46, 48, 50, 53, 54, 55, 60, 61, 64, 65, 68, 69, 74, 77, 78, 79, 80, 83, 85, 86, 88, 95, 107, 108, 112, 121, 122, 123, 124, 125, 126, 127, 128, 131, 132, 133, 143, 144, 145, 146, 147, 148, 149, 150, 151, 153, 154, 161, 165, 166, 173, 174, 175, 181, 182, 183, 184, 185, 186, 187, 188, 189, 190, 191, 192, 193, 194, 195, 196, 197, 198, 199, 200, 201, 202, 203, 204, 205, 206, 207, 208, 209, 210, 211, 212, 215, 217, 218, 219, 220, 221, 222, 223, 224, 225, 226, 227, 228, 229, 230, 231, 232, 233, 234, 235, 236, 237, 238, 239, 240, 241, 242, 243, 244, 245, 246, 247, 248, 249, 250, 251, 252, 253, 254, 255, 256, 257, 258, 259, 260, 261, 262, 263, 264, 265, 266, 267, 268, 269, 270, 271, 272, 273, 274, 275, 276, 277, 278, 280, 281, 282, 283, 285, 288, 289, 291, 292, 294, 295, 296, 298, 301, 302, 305, 306, 308, 309, 310, 312, 313, 315, 316, 317, 319, 320, 322, 323, 324, 326, 327, 329, 330, 331, 333, 334, 336, 337, 338, 340, 341, 343, 344, 345, 347, 348, 350, 351, 352, 354, 355, 356, 357, 360, 361, 363, 364, 365, 368, 369, 371, 372, 373, 374, 376, 377, 379, 380, 381, 383, 384, 386, 387, 388, 390, 391, 393, 394, 395, 397, 400, 403, 404, 405, 406, 407, 409, 410, 411, 413, 416, 417, 419, 420, 421, 422, 424, 426, 429, 431, 432, 434, 435, 436, 438], "excluded_lines": [], "start_line": 1}}}, "core\\audit_logger.py": {"executed_lines": [], "summary": {"covered_lines": 0, "num_statements": 41, "percent_covered": 0.0, "percent_covered_display": "0", "missing_lines": 41, "excluded_lines": 0, "percent_statements_covered": 0.0, "percent_statements_covered_display": "0"}, "missing_lines": [1, 2, 3, 5, 8, 9, 10, 11, 12, 14, 15, 17, 18, 19, 20, 21, 23, 25, 26, 27, 28, 39, 41, 43, 46, 47, 48, 52, 53, 54, 56, 57, 58, 59, 60, 61, 62, 63, 64, 65, 66], "excluded_lines": [], "functions": {"AuditLogger.__init__": {"executed_lines": [], "summary": {"covered_lines": 0, "num_statements": 5, "percent_covered": 0.0, "percent_covered_display": "0", "missing_lines": 5, "excluded_lines": 0, "percent_statements_covered": 0.0, "percent_statements_covered_display": "0"}, "missing_lines": [10, 11, 12, 14, 15], "excluded_lines": [], "start_line": 9}, "AuditLogger._get_conn": {"executed_lines": [], "summary": {"covered_lines": 0, "num_statements": 4, "percent_covered": 0.0, "percent_covered_display": "0", "missing_lines": 4, "excluded_lines": 0, "percent_statements_covered": 0.0, "percent_statements_covered_display": "0"}, "missing_lines": [19, 20, 21, 23], "excluded_lines": [], "start_line": 18}, "AuditLogger._init_db": {"executed_lines": [], "summary": {"covered_lines": 0, "num_statements": 4, "percent_covered": 0.0, "percent_covered_display": "0", "missing_lines": 4, "excluded_lines": 0, "percent_statements_covered": 0.0, "percent_statements_covered_display": "0"}, "missing_lines": [26, 27, 28, 39], "excluded_lines": [], "start_line": 25}, "AuditLogger.log_decision": {"executed_lines": [], "summary": {"covered_lines": 0, "num_statements": 7, "percent_covered": 0.0, "percent_covered_display": "0", "missing_lines": 7, "excluded_lines": 0, "percent_statements_covered": 0.0, "percent_statements_covered_display": "0"}, "missing_lines": [43, 46, 47, 48, 52, 53, 54], "excluded_lines": [], "start_line": 41}, "AuditLogger.get_audit_trail": {"executed_lines": [], "summary": {"covered_lines": 0, "num_statements": 10, "percent_covered": 0.0, "percent_covered_display": "0", "missing_lines": 10, "excluded_lines": 0, "percent_statements_covered": 0.0, "percent_statements_covered_display": "0"}, "missing_lines": [57, 58, 59, 60, 61, 62, 63, 64, 65, 66], "excluded_lines": [], "start_line": 56}, "": {"executed_lines": [], "summary": {"covered_lines": 0, "num_statements": 11, "percent_covered": 0.0, "percent_covered_display": "0", "missing_lines": 11, "excluded_lines": 0, "percent_statements_covered": 0.0, "percent_statements_covered_display": "0"}, "missing_lines": [1, 2, 3, 5, 8, 9, 17, 18, 25, 41, 56], "excluded_lines": [], "start_line": 1}}, "classes": {"AuditLogger": {"executed_lines": [], "summary": {"covered_lines": 0, "num_statements": 30, "percent_covered": 0.0, "percent_covered_display": "0", "missing_lines": 30, "excluded_lines": 0, "percent_statements_covered": 0.0, "percent_statements_covered_display": "0"}, "missing_lines": [10, 11, 12, 14, 15, 19, 20, 21, 23, 26, 27, 28, 39, 43, 46, 47, 48, 52, 53, 54, 57, 58, 59, 60, 61, 62, 63, 64, 65, 66], "excluded_lines": [], "start_line": 8}, "": {"executed_lines": [], "summary": {"covered_lines": 0, "num_statements": 11, "percent_covered": 0.0, "percent_covered_display": "0", "missing_lines": 11, "excluded_lines": 0, "percent_statements_covered": 0.0, "percent_statements_covered_display": "0"}, "missing_lines": [1, 2, 3, 5, 8, 9, 17, 18, 25, 41, 56], "excluded_lines": [], "start_line": 1}}}, "core\\auth_middleware.py": {"executed_lines": [], "summary": {"covered_lines": 0, "num_statements": 111, "percent_covered": 0.0, "percent_covered_display": "0", "missing_lines": 111, "excluded_lines": 0, "percent_statements_covered": 0.0, "percent_statements_covered_display": "0"}, "missing_lines": [1, 3, 4, 6, 7, 8, 9, 10, 11, 12, 13, 15, 18, 19, 20, 21, 22, 23, 24, 25, 28, 29, 30, 32, 33, 34, 35, 37, 38, 41, 42, 46, 47, 48, 49, 50, 51, 52, 53, 56, 57, 58, 62, 67, 68, 71, 77, 78, 81, 82, 83, 84, 88, 89, 90, 91, 92, 93, 94, 98, 99, 100, 101, 102, 106, 107, 109, 110, 111, 112, 114, 126, 127, 128, 130, 131, 132, 133, 134, 138, 139, 140, 145, 151, 152, 153, 154, 155, 160, 161, 163, 164, 165, 170, 172, 174, 175, 179, 180, 181, 186, 187, 189, 190, 191, 196, 197, 198, 203, 206, 207], "excluded_lines": [], "functions": {"_get_bearer_token": {"executed_lines": [], "summary": {"covered_lines": 0, "num_statements": 7, "percent_covered": 0.0, "percent_covered_display": "0", "missing_lines": 7, "excluded_lines": 0, "percent_statements_covered": 0.0, "percent_statements_covered_display": "0"}, "missing_lines": [19, 20, 21, 22, 23, 24, 25], "excluded_lines": [], "start_line": 18}, "AuthMiddleware.__init__": {"executed_lines": [], "summary": {"covered_lines": 0, "num_statements": 1, "percent_covered": 0.0, "percent_covered_display": "0", "missing_lines": 1, "excluded_lines": 0, "percent_statements_covered": 0.0, "percent_statements_covered_display": "0"}, "missing_lines": [30], "excluded_lines": [], "start_line": 29}, "AuthMiddleware.__call__": {"executed_lines": [], "summary": {"covered_lines": 0, "num_statements": 56, "percent_covered": 0.0, "percent_covered_display": "0", "missing_lines": 56, "excluded_lines": 0, "percent_statements_covered": 0.0, "percent_statements_covered_display": "0"}, "missing_lines": [33, 34, 35, 37, 38, 41, 42, 46, 47, 48, 49, 50, 51, 52, 53, 56, 62, 67, 68, 71, 77, 78, 81, 82, 83, 84, 88, 89, 90, 91, 92, 93, 94, 98, 99, 100, 101, 102, 106, 107, 109, 110, 111, 112, 114, 126, 127, 128, 130, 131, 132, 133, 134, 138, 139, 140], "excluded_lines": [], "start_line": 32}, "AuthMiddleware.__call__._is_allowed_admin_domain": {"executed_lines": [], "summary": {"covered_lines": 0, "num_statements": 2, "percent_covered": 0.0, "percent_covered_display": "0", "missing_lines": 2, "excluded_lines": 0, "percent_statements_covered": 0.0, "percent_statements_covered_display": "0"}, "missing_lines": [57, 58], "excluded_lines": [], "start_line": 56}, "verify_admin_session_fail_closed": {"executed_lines": [], "summary": {"covered_lines": 0, "num_statements": 28, "percent_covered": 0.0, "percent_covered_display": "0", "missing_lines": 28, "excluded_lines": 0, "percent_statements_covered": 0.0, "percent_statements_covered_display": "0"}, "missing_lines": [151, 152, 153, 154, 155, 160, 161, 163, 164, 165, 170, 172, 174, 175, 179, 180, 181, 186, 187, 189, 190, 191, 196, 197, 198, 203, 206, 207], "excluded_lines": [], "start_line": 145}, "": {"executed_lines": [], "summary": {"covered_lines": 0, "num_statements": 17, "percent_covered": 0.0, "percent_covered_display": "0", "missing_lines": 17, "excluded_lines": 0, "percent_statements_covered": 0.0, "percent_statements_covered_display": "0"}, "missing_lines": [1, 3, 4, 6, 7, 8, 9, 10, 11, 12, 13, 15, 18, 28, 29, 32, 145], "excluded_lines": [], "start_line": 1}}, "classes": {"AuthMiddleware": {"executed_lines": [], "summary": {"covered_lines": 0, "num_statements": 59, "percent_covered": 0.0, "percent_covered_display": "0", "missing_lines": 59, "excluded_lines": 0, "percent_statements_covered": 0.0, "percent_statements_covered_display": "0"}, "missing_lines": [30, 33, 34, 35, 37, 38, 41, 42, 46, 47, 48, 49, 50, 51, 52, 53, 56, 57, 58, 62, 67, 68, 71, 77, 78, 81, 82, 83, 84, 88, 89, 90, 91, 92, 93, 94, 98, 99, 100, 101, 102, 106, 107, 109, 110, 111, 112, 114, 126, 127, 128, 130, 131, 132, 133, 134, 138, 139, 140], "excluded_lines": [], "start_line": 28}, "": {"executed_lines": [], "summary": {"covered_lines": 0, "num_statements": 52, "percent_covered": 0.0, "percent_covered_display": "0", "missing_lines": 52, "excluded_lines": 0, "percent_statements_covered": 0.0, "percent_statements_covered_display": "0"}, "missing_lines": [1, 3, 4, 6, 7, 8, 9, 10, 11, 12, 13, 15, 18, 19, 20, 21, 22, 23, 24, 25, 28, 29, 32, 145, 151, 152, 153, 154, 155, 160, 161, 163, 164, 165, 170, 172, 174, 175, 179, 180, 181, 186, 187, 189, 190, 191, 196, 197, 198, 203, 206, 207], "excluded_lines": [], "start_line": 1}}}, "core\\auto_remediation.py": {"executed_lines": [], "summary": {"covered_lines": 0, "num_statements": 151, "percent_covered": 0.0, "percent_covered_display": "0", "missing_lines": 151, "excluded_lines": 0, "percent_statements_covered": 0.0, "percent_statements_covered_display": "0"}, "missing_lines": [1, 3, 4, 6, 9, 10, 11, 12, 15, 17, 21, 23, 28, 32, 34, 37, 39, 40, 42, 44, 45, 46, 47, 48, 50, 51, 52, 53, 54, 55, 57, 58, 59, 60, 61, 62, 63, 65, 73, 74, 75, 76, 82, 83, 84, 85, 97, 98, 100, 101, 102, 104, 105, 107, 109, 110, 116, 117, 119, 122, 123, 124, 128, 136, 144, 151, 152, 153, 155, 158, 163, 164, 166, 167, 170, 171, 172, 175, 176, 178, 179, 180, 181, 182, 187, 188, 189, 190, 191, 192, 195, 196, 197, 203, 204, 205, 206, 210, 212, 221, 225, 226, 227, 228, 229, 231, 232, 233, 234, 235, 236, 238, 239, 240, 241, 242, 243, 244, 246, 257, 258, 259, 260, 267, 268, 269, 270, 282, 283, 285, 286, 287, 289, 290, 292, 293, 295, 296, 302, 305, 306, 307, 308, 309, 310, 311, 312, 314, 315, 316, 317], "excluded_lines": [], "functions": {"AutoRemediationEngine.__init__": {"executed_lines": [], "summary": {"covered_lines": 0, "num_statements": 3, "percent_covered": 0.0, "percent_covered_display": "0", "missing_lines": 3, "excluded_lines": 0, "percent_statements_covered": 0.0, "percent_statements_covered_display": "0"}, "missing_lines": [11, 12, 15], "excluded_lines": [], "start_line": 10}, "AutoRemediationEngine.process_codeql_alert": {"executed_lines": [], "summary": {"covered_lines": 0, "num_statements": 8, "percent_covered": 0.0, "percent_covered_display": "0", "missing_lines": 8, "excluded_lines": 0, "percent_statements_covered": 0.0, "percent_statements_covered_display": "0"}, "missing_lines": [21, 23, 28, 32, 34, 37, 39, 40], "excluded_lines": [], "start_line": 17}, "AutoRemediationEngine._generate_ai_patch": {"executed_lines": [], "summary": {"covered_lines": 0, "num_statements": 39, "percent_covered": 0.0, "percent_covered_display": "0", "missing_lines": 39, "excluded_lines": 0, "percent_statements_covered": 0.0, "percent_statements_covered_display": "0"}, "missing_lines": [44, 45, 46, 47, 48, 50, 51, 52, 53, 54, 55, 57, 58, 59, 60, 61, 62, 63, 65, 73, 74, 75, 76, 82, 83, 84, 85, 97, 98, 100, 101, 102, 104, 105, 107, 109, 110, 116, 117], "excluded_lines": [], "start_line": 42}, "AutoRemediationEngine._create_remediation_pr": {"executed_lines": [], "summary": {"covered_lines": 0, "num_statements": 5, "percent_covered": 0.0, "percent_covered_display": "0", "missing_lines": 5, "excluded_lines": 0, "percent_statements_covered": 0.0, "percent_statements_covered_display": "0"}, "missing_lines": [122, 123, 124, 128, 136], "excluded_lines": [], "start_line": 119}, "AutoRemediation.__init__": {"executed_lines": [], "summary": {"covered_lines": 0, "num_statements": 2, "percent_covered": 0.0, "percent_covered_display": "0", "missing_lines": 2, "excluded_lines": 0, "percent_statements_covered": 0.0, "percent_statements_covered_display": "0"}, "missing_lines": [152, 153], "excluded_lines": [], "start_line": 151}, "AutoRemediation.process_security_alert": {"executed_lines": [], "summary": {"covered_lines": 0, "num_statements": 30, "percent_covered": 0.0, "percent_covered_display": "0", "missing_lines": 30, "excluded_lines": 0, "percent_statements_covered": 0.0, "percent_statements_covered_display": "0"}, "missing_lines": [158, 163, 164, 166, 167, 170, 171, 172, 175, 176, 178, 179, 180, 181, 182, 187, 188, 189, 190, 191, 192, 195, 196, 197, 203, 204, 205, 206, 210, 212], "excluded_lines": [], "start_line": 155}, "AutoRemediation._get_ai_patch": {"executed_lines": [], "summary": {"covered_lines": 0, "num_statements": 51, "percent_covered": 0.0, "percent_covered_display": "0", "missing_lines": 51, "excluded_lines": 0, "percent_statements_covered": 0.0, "percent_statements_covered_display": "0"}, "missing_lines": [225, 226, 227, 228, 229, 231, 232, 233, 234, 235, 236, 238, 239, 240, 241, 242, 243, 244, 246, 257, 258, 259, 260, 267, 268, 269, 270, 282, 283, 285, 286, 287, 289, 290, 292, 293, 295, 296, 302, 305, 306, 307, 308, 309, 310, 311, 312, 314, 315, 316, 317], "excluded_lines": [], "start_line": 221}, "": {"executed_lines": [], "summary": {"covered_lines": 0, "num_statements": 13, "percent_covered": 0.0, "percent_covered_display": "0", "missing_lines": 13, "excluded_lines": 0, "percent_statements_covered": 0.0, "percent_statements_covered_display": "0"}, "missing_lines": [1, 3, 4, 6, 9, 10, 17, 42, 119, 144, 151, 155, 221], "excluded_lines": [], "start_line": 1}}, "classes": {"AutoRemediationEngine": {"executed_lines": [], "summary": {"covered_lines": 0, "num_statements": 55, "percent_covered": 0.0, "percent_covered_display": "0", "missing_lines": 55, "excluded_lines": 0, "percent_statements_covered": 0.0, "percent_statements_covered_display": "0"}, "missing_lines": [11, 12, 15, 21, 23, 28, 32, 34, 37, 39, 40, 44, 45, 46, 47, 48, 50, 51, 52, 53, 54, 55, 57, 58, 59, 60, 61, 62, 63, 65, 73, 74, 75, 76, 82, 83, 84, 85, 97, 98, 100, 101, 102, 104, 105, 107, 109, 110, 116, 117, 122, 123, 124, 128, 136], "excluded_lines": [], "start_line": 9}, "AutoRemediation": {"executed_lines": [], "summary": {"covered_lines": 0, "num_statements": 83, "percent_covered": 0.0, "percent_covered_display": "0", "missing_lines": 83, "excluded_lines": 0, "percent_statements_covered": 0.0, "percent_statements_covered_display": "0"}, "missing_lines": [152, 153, 158, 163, 164, 166, 167, 170, 171, 172, 175, 176, 178, 179, 180, 181, 182, 187, 188, 189, 190, 191, 192, 195, 196, 197, 203, 204, 205, 206, 210, 212, 225, 226, 227, 228, 229, 231, 232, 233, 234, 235, 236, 238, 239, 240, 241, 242, 243, 244, 246, 257, 258, 259, 260, 267, 268, 269, 270, 282, 283, 285, 286, 287, 289, 290, 292, 293, 295, 296, 302, 305, 306, 307, 308, 309, 310, 311, 312, 314, 315, 316, 317], "excluded_lines": [], "start_line": 144}, "": {"executed_lines": [], "summary": {"covered_lines": 0, "num_statements": 13, "percent_covered": 0.0, "percent_covered_display": "0", "missing_lines": 13, "excluded_lines": 0, "percent_statements_covered": 0.0, "percent_statements_covered_display": "0"}, "missing_lines": [1, 3, 4, 6, 9, 10, 17, 42, 119, 144, 151, 155, 221], "excluded_lines": [], "start_line": 1}}}, "core\\circuit_breaker.py": {"executed_lines": [], "summary": {"covered_lines": 0, "num_statements": 86, "percent_covered": 0.0, "percent_covered_display": "0", "missing_lines": 86, "excluded_lines": 0, "percent_statements_covered": 0.0, "percent_statements_covered_display": "0"}, "missing_lines": [1, 3, 4, 5, 6, 7, 8, 11, 14, 15, 23, 24, 25, 26, 27, 28, 29, 30, 31, 32, 33, 34, 35, 37, 38, 39, 40, 41, 42, 43, 44, 45, 46, 47, 48, 49, 51, 52, 53, 54, 55, 61, 62, 63, 65, 66, 67, 71, 72, 73, 74, 75, 76, 77, 78, 79, 80, 81, 83, 84, 85, 86, 87, 88, 89, 90, 92, 93, 94, 95, 96, 97, 98, 99, 100, 101, 103, 104, 105, 106, 107, 108, 109, 110, 111, 112], "excluded_lines": [], "functions": {"CircuitBreaker.__init__": {"executed_lines": [], "summary": {"covered_lines": 0, "num_statements": 13, "percent_covered": 0.0, "percent_covered_display": "0", "missing_lines": 13, "excluded_lines": 0, "percent_statements_covered": 0.0, "percent_statements_covered_display": "0"}, "missing_lines": [23, 24, 25, 26, 27, 28, 29, 30, 31, 32, 33, 34, 35], "excluded_lines": [], "start_line": 15}, "CircuitBreaker._restore_from_redis": {"executed_lines": [], "summary": {"covered_lines": 0, "num_statements": 12, "percent_covered": 0.0, "percent_covered_display": "0", "missing_lines": 12, "excluded_lines": 0, "percent_statements_covered": 0.0, "percent_statements_covered_display": "0"}, "missing_lines": [38, 39, 40, 41, 42, 43, 44, 45, 46, 47, 48, 49], "excluded_lines": [], "start_line": 37}, "CircuitBreaker._persist_to_redis": {"executed_lines": [], "summary": {"covered_lines": 0, "num_statements": 7, "percent_covered": 0.0, "percent_covered_display": "0", "missing_lines": 7, "excluded_lines": 0, "percent_statements_covered": 0.0, "percent_statements_covered_display": "0"}, "missing_lines": [52, 53, 54, 55, 61, 62, 63], "excluded_lines": [], "start_line": 51}, "CircuitBreaker.allow_request": {"executed_lines": [], "summary": {"covered_lines": 0, "num_statements": 13, "percent_covered": 0.0, "percent_covered_display": "0", "missing_lines": 13, "excluded_lines": 0, "percent_statements_covered": 0.0, "percent_statements_covered_display": "0"}, "missing_lines": [66, 67, 71, 72, 73, 74, 75, 76, 77, 78, 79, 80, 81], "excluded_lines": [], "start_line": 65}, "CircuitBreaker.mark_success": {"executed_lines": [], "summary": {"covered_lines": 0, "num_statements": 7, "percent_covered": 0.0, "percent_covered_display": "0", "missing_lines": 7, "excluded_lines": 0, "percent_statements_covered": 0.0, "percent_statements_covered_display": "0"}, "missing_lines": [84, 85, 86, 87, 88, 89, 90], "excluded_lines": [], "start_line": 83}, "CircuitBreaker.mark_failure": {"executed_lines": [], "summary": {"covered_lines": 0, "num_statements": 9, "percent_covered": 0.0, "percent_covered_display": "0", "missing_lines": 9, "excluded_lines": 0, "percent_statements_covered": 0.0, "percent_statements_covered_display": "0"}, "missing_lines": [93, 94, 95, 96, 97, 98, 99, 100, 101], "excluded_lines": [], "start_line": 92}, "CircuitBreaker.call": {"executed_lines": [], "summary": {"covered_lines": 0, "num_statements": 9, "percent_covered": 0.0, "percent_covered_display": "0", "missing_lines": 9, "excluded_lines": 0, "percent_statements_covered": 0.0, "percent_statements_covered_display": "0"}, "missing_lines": [104, 105, 106, 107, 108, 109, 110, 111, 112], "excluded_lines": [], "start_line": 103}, "": {"executed_lines": [], "summary": {"covered_lines": 0, "num_statements": 16, "percent_covered": 0.0, "percent_covered_display": "0", "missing_lines": 16, "excluded_lines": 0, "percent_statements_covered": 0.0, "percent_statements_covered_display": "0"}, "missing_lines": [1, 3, 4, 5, 6, 7, 8, 11, 14, 15, 37, 51, 65, 83, 92, 103], "excluded_lines": [], "start_line": 1}}, "classes": {"CircuitBreaker": {"executed_lines": [], "summary": {"covered_lines": 0, "num_statements": 70, "percent_covered": 0.0, "percent_covered_display": "0", "missing_lines": 70, "excluded_lines": 0, "percent_statements_covered": 0.0, "percent_statements_covered_display": "0"}, "missing_lines": [23, 24, 25, 26, 27, 28, 29, 30, 31, 32, 33, 34, 35, 38, 39, 40, 41, 42, 43, 44, 45, 46, 47, 48, 49, 52, 53, 54, 55, 61, 62, 63, 66, 67, 71, 72, 73, 74, 75, 76, 77, 78, 79, 80, 81, 84, 85, 86, 87, 88, 89, 90, 93, 94, 95, 96, 97, 98, 99, 100, 101, 104, 105, 106, 107, 108, 109, 110, 111, 112], "excluded_lines": [], "start_line": 14}, "": {"executed_lines": [], "summary": {"covered_lines": 0, "num_statements": 16, "percent_covered": 0.0, "percent_covered_display": "0", "missing_lines": 16, "excluded_lines": 0, "percent_statements_covered": 0.0, "percent_statements_covered_display": "0"}, "missing_lines": [1, 3, 4, 5, 6, 7, 8, 11, 14, 15, 37, 51, 65, 83, 92, 103], "excluded_lines": [], "start_line": 1}}}, "core\\cloud_sandbox_orchestrator.py": {"executed_lines": [], "summary": {"covered_lines": 0, "num_statements": 105, "percent_covered": 0.0, "percent_covered_display": "0", "missing_lines": 105, "excluded_lines": 0, "percent_statements_covered": 0.0, "percent_statements_covered_display": "0"}, "missing_lines": [11, 12, 13, 15, 16, 19, 24, 25, 26, 28, 29, 30, 31, 33, 38, 40, 41, 42, 43, 44, 46, 48, 49, 50, 51, 58, 59, 61, 62, 63, 64, 65, 66, 67, 68, 69, 70, 71, 73, 75, 76, 77, 78, 85, 86, 87, 88, 89, 90, 91, 92, 94, 95, 96, 97, 105, 106, 108, 109, 110, 111, 112, 113, 114, 115, 117, 118, 119, 120, 122, 123, 124, 125, 126, 127, 128, 129, 130, 131, 136, 141, 142, 145, 146, 154, 156, 157, 158, 160, 161, 163, 164, 165, 166, 167, 168, 171, 172, 173, 179, 180, 182, 183, 184, 185], "excluded_lines": [], "functions": {"CloudSandboxOrchestrator.__init__": {"executed_lines": [], "summary": {"covered_lines": 0, "num_statements": 8, "percent_covered": 0.0, "percent_covered_display": "0", "missing_lines": 8, "excluded_lines": 0, "percent_statements_covered": 0.0, "percent_statements_covered_display": "0"}, "missing_lines": [25, 26, 28, 29, 30, 31, 33, 38], "excluded_lines": [], "start_line": 24}, "CloudSandboxOrchestrator._get_base_url": {"executed_lines": [], "summary": {"covered_lines": 0, "num_statements": 5, "percent_covered": 0.0, "percent_covered_display": "0", "missing_lines": 5, "excluded_lines": 0, "percent_statements_covered": 0.0, "percent_statements_covered_display": "0"}, "missing_lines": [41, 42, 43, 44, 46], "excluded_lines": [], "start_line": 40}, "CloudSandboxOrchestrator.create_sandbox": {"executed_lines": [], "summary": {"covered_lines": 0, "num_statements": 17, "percent_covered": 0.0, "percent_covered_display": "0", "missing_lines": 17, "excluded_lines": 0, "percent_statements_covered": 0.0, "percent_statements_covered_display": "0"}, "missing_lines": [49, 50, 51, 58, 59, 61, 62, 63, 64, 65, 66, 67, 68, 69, 70, 71, 73], "excluded_lines": [], "start_line": 48}, "CloudSandboxOrchestrator.get_sandbox_status": {"executed_lines": [], "summary": {"covered_lines": 0, "num_statements": 11, "percent_covered": 0.0, "percent_covered_display": "0", "missing_lines": 11, "excluded_lines": 0, "percent_statements_covered": 0.0, "percent_statements_covered_display": "0"}, "missing_lines": [76, 77, 78, 85, 86, 87, 88, 89, 90, 91, 92], "excluded_lines": [], "start_line": 75}, "CloudSandboxOrchestrator.run_command": {"executed_lines": [], "summary": {"covered_lines": 0, "num_statements": 13, "percent_covered": 0.0, "percent_covered_display": "0", "missing_lines": 13, "excluded_lines": 0, "percent_statements_covered": 0.0, "percent_statements_covered_display": "0"}, "missing_lines": [95, 96, 97, 105, 106, 108, 109, 110, 111, 112, 113, 114, 115], "excluded_lines": [], "start_line": 94}, "CloudSandboxOrchestrator.destroy_sandbox": {"executed_lines": [], "summary": {"covered_lines": 0, "num_statements": 13, "percent_covered": 0.0, "percent_covered_display": "0", "missing_lines": 13, "excluded_lines": 0, "percent_statements_covered": 0.0, "percent_statements_covered_display": "0"}, "missing_lines": [118, 119, 120, 122, 123, 124, 125, 126, 127, 128, 129, 130, 131], "excluded_lines": [], "start_line": 117}, "CloudSandboxOrchestrator.delegate_to_freebuff": {"executed_lines": [], "summary": {"covered_lines": 0, "num_statements": 16, "percent_covered": 0.0, "percent_covered_display": "0", "missing_lines": 16, "excluded_lines": 0, "percent_statements_covered": 0.0, "percent_statements_covered_display": "0"}, "missing_lines": [141, 142, 145, 146, 154, 156, 157, 158, 160, 161, 163, 164, 165, 166, 167, 168], "excluded_lines": [], "start_line": 136}, "CloudSandboxOrchestrator._get_endpoint": {"executed_lines": [], "summary": {"covered_lines": 0, "num_statements": 4, "percent_covered": 0.0, "percent_covered_display": "0", "missing_lines": 4, "excluded_lines": 0, "percent_statements_covered": 0.0, "percent_statements_covered_display": "0"}, "missing_lines": [172, 173, 179, 180], "excluded_lines": [], "start_line": 171}, "CloudSandboxOrchestrator._prepare_creation_payload": {"executed_lines": [], "summary": {"covered_lines": 0, "num_statements": 3, "percent_covered": 0.0, "percent_covered_display": "0", "missing_lines": 3, "excluded_lines": 0, "percent_statements_covered": 0.0, "percent_statements_covered_display": "0"}, "missing_lines": [183, 184, 185], "excluded_lines": [], "start_line": 182}, "": {"executed_lines": [], "summary": {"covered_lines": 0, "num_statements": 15, "percent_covered": 0.0, "percent_covered_display": "0", "missing_lines": 15, "excluded_lines": 0, "percent_statements_covered": 0.0, "percent_statements_covered_display": "0"}, "missing_lines": [11, 12, 13, 15, 16, 19, 24, 40, 48, 75, 94, 117, 136, 171, 182], "excluded_lines": [], "start_line": 1}}, "classes": {"CloudSandboxOrchestrator": {"executed_lines": [], "summary": {"covered_lines": 0, "num_statements": 90, "percent_covered": 0.0, "percent_covered_display": "0", "missing_lines": 90, "excluded_lines": 0, "percent_statements_covered": 0.0, "percent_statements_covered_display": "0"}, "missing_lines": [25, 26, 28, 29, 30, 31, 33, 38, 41, 42, 43, 44, 46, 49, 50, 51, 58, 59, 61, 62, 63, 64, 65, 66, 67, 68, 69, 70, 71, 73, 76, 77, 78, 85, 86, 87, 88, 89, 90, 91, 92, 95, 96, 97, 105, 106, 108, 109, 110, 111, 112, 113, 114, 115, 118, 119, 120, 122, 123, 124, 125, 126, 127, 128, 129, 130, 131, 141, 142, 145, 146, 154, 156, 157, 158, 160, 161, 163, 164, 165, 166, 167, 168, 172, 173, 179, 180, 183, 184, 185], "excluded_lines": [], "start_line": 19}, "": {"executed_lines": [], "summary": {"covered_lines": 0, "num_statements": 15, "percent_covered": 0.0, "percent_covered_display": "0", "missing_lines": 15, "excluded_lines": 0, "percent_statements_covered": 0.0, "percent_statements_covered_display": "0"}, "missing_lines": [11, 12, 13, 15, 16, 19, 24, 40, 48, 75, 94, 117, 136, 171, 182], "excluded_lines": [], "start_line": 1}}}, "core\\cloud_storage.py": {"executed_lines": [], "summary": {"covered_lines": 0, "num_statements": 29, "percent_covered": 0.0, "percent_covered_display": "0", "missing_lines": 29, "excluded_lines": 0, "percent_statements_covered": 0.0, "percent_statements_covered_display": "0"}, "missing_lines": [4, 5, 6, 8, 9, 12, 13, 15, 16, 17, 19, 23, 24, 25, 31, 32, 38, 40, 41, 43, 44, 45, 50, 51, 52, 54, 55, 56, 62], "excluded_lines": [], "functions": {"CloudStorageManager.__init__": {"executed_lines": [], "summary": {"covered_lines": 0, "num_statements": 3, "percent_covered": 0.0, "percent_covered_display": "0", "missing_lines": 3, "excluded_lines": 0, "percent_statements_covered": 0.0, "percent_statements_covered_display": "0"}, "missing_lines": [15, 16, 17], "excluded_lines": [], "start_line": 13}, "CloudStorageManager.upload_file_async": {"executed_lines": [], "summary": {"covered_lines": 0, "num_statements": 17, "percent_covered": 0.0, "percent_covered_display": "0", "missing_lines": 17, "excluded_lines": 0, "percent_statements_covered": 0.0, "percent_statements_covered_display": "0"}, "missing_lines": [23, 24, 25, 31, 32, 38, 40, 41, 43, 44, 45, 50, 51, 52, 54, 55, 56], "excluded_lines": [], "start_line": 19}, "": {"executed_lines": [], "summary": {"covered_lines": 0, "num_statements": 9, "percent_covered": 0.0, "percent_covered_display": "0", "missing_lines": 9, "excluded_lines": 0, "percent_statements_covered": 0.0, "percent_statements_covered_display": "0"}, "missing_lines": [4, 5, 6, 8, 9, 12, 13, 19, 62], "excluded_lines": [], "start_line": 1}}, "classes": {"CloudStorageManager": {"executed_lines": [], "summary": {"covered_lines": 0, "num_statements": 20, "percent_covered": 0.0, "percent_covered_display": "0", "missing_lines": 20, "excluded_lines": 0, "percent_statements_covered": 0.0, "percent_statements_covered_display": "0"}, "missing_lines": [15, 16, 17, 23, 24, 25, 31, 32, 38, 40, 41, 43, 44, 45, 50, 51, 52, 54, 55, 56], "excluded_lines": [], "start_line": 12}, "": {"executed_lines": [], "summary": {"covered_lines": 0, "num_statements": 9, "percent_covered": 0.0, "percent_covered_display": "0", "missing_lines": 9, "excluded_lines": 0, "percent_statements_covered": 0.0, "percent_statements_covered_display": "0"}, "missing_lines": [4, 5, 6, 8, 9, 12, 13, 19, 62], "excluded_lines": [], "start_line": 1}}}, "core\\code_validator.py": {"executed_lines": [], "summary": {"covered_lines": 0, "num_statements": 128, "percent_covered": 0.0, "percent_covered_display": "0", "missing_lines": 128, "excluded_lines": 0, "percent_statements_covered": 0.0, "percent_statements_covered_display": "0"}, "missing_lines": [1, 2, 3, 4, 7, 8, 9, 16, 17, 27, 28, 29, 30, 31, 32, 34, 35, 36, 37, 38, 39, 40, 41, 45, 46, 47, 48, 49, 50, 51, 52, 53, 56, 57, 58, 59, 61, 62, 63, 64, 66, 67, 68, 70, 71, 72, 73, 74, 76, 77, 78, 79, 80, 81, 82, 83, 84, 85, 86, 87, 88, 89, 90, 91, 92, 95, 97, 98, 99, 100, 101, 103, 104, 105, 106, 107, 110, 111, 112, 113, 114, 115, 116, 117, 118, 119, 121, 123, 124, 125, 126, 127, 130, 131, 132, 133, 136, 137, 138, 140, 141, 142, 143, 156, 158, 159, 160, 161, 162, 164, 170, 171, 172, 174, 175, 177, 179, 180, 181, 182, 183, 184, 190, 191, 192, 193, 194, 199], "excluded_lines": [], "functions": {"AICodeValidator.validate_before_use": {"executed_lines": [], "summary": {"covered_lines": 0, "num_statements": 3, "percent_covered": 0.0, "percent_covered_display": "0", "missing_lines": 3, "excluded_lines": 0, "percent_statements_covered": 0.0, "percent_statements_covered_display": "0"}, "missing_lines": [9, 16, 17], "excluded_lines": [], "start_line": 8}, "AICodeValidator._check_syntax": {"executed_lines": [], "summary": {"covered_lines": 0, "num_statements": 5, "percent_covered": 0.0, "percent_covered_display": "0", "missing_lines": 5, "excluded_lines": 0, "percent_statements_covered": 0.0, "percent_statements_covered_display": "0"}, "missing_lines": [28, 29, 30, 31, 32], "excluded_lines": [], "start_line": 27}, "AICodeValidator._check_indentation": {"executed_lines": [], "summary": {"covered_lines": 0, "num_statements": 7, "percent_covered": 0.0, "percent_covered_display": "0", "missing_lines": 7, "excluded_lines": 0, "percent_statements_covered": 0.0, "percent_statements_covered_display": "0"}, "missing_lines": [35, 36, 37, 38, 39, 40, 41], "excluded_lines": [], "start_line": 34}, "AICodeValidator._check_imports_exist": {"executed_lines": [], "summary": {"covered_lines": 0, "num_statements": 12, "percent_covered": 0.0, "percent_covered_display": "0", "missing_lines": 12, "excluded_lines": 0, "percent_statements_covered": 0.0, "percent_statements_covered_display": "0"}, "missing_lines": [46, 47, 48, 49, 50, 51, 52, 53, 56, 57, 58, 59], "excluded_lines": [], "start_line": 45}, "AICodeValidator._module_exists": {"executed_lines": [], "summary": {"covered_lines": 0, "num_statements": 11, "percent_covered": 0.0, "percent_covered_display": "0", "missing_lines": 11, "excluded_lines": 0, "percent_statements_covered": 0.0, "percent_statements_covered_display": "0"}, "missing_lines": [62, 63, 64, 66, 67, 68, 70, 71, 72, 73, 74], "excluded_lines": [], "start_line": 61}, "AICodeValidator._check_variables_defined": {"executed_lines": [], "summary": {"covered_lines": 0, "num_statements": 22, "percent_covered": 0.0, "percent_covered_display": "0", "missing_lines": 22, "excluded_lines": 0, "percent_statements_covered": 0.0, "percent_statements_covered_display": "0"}, "missing_lines": [77, 78, 79, 80, 81, 82, 83, 84, 85, 86, 87, 88, 89, 90, 91, 92, 95, 97, 98, 99, 100, 101], "excluded_lines": [], "start_line": 76}, "AICodeValidator._check_loop_safety": {"executed_lines": [], "summary": {"covered_lines": 0, "num_statements": 14, "percent_covered": 0.0, "percent_covered_display": "0", "missing_lines": 14, "excluded_lines": 0, "percent_statements_covered": 0.0, "percent_statements_covered_display": "0"}, "missing_lines": [104, 105, 106, 107, 110, 111, 112, 113, 114, 115, 116, 117, 118, 119], "excluded_lines": [], "start_line": 103}, "AICodeValidator._auto_fix": {"executed_lines": [], "summary": {"covered_lines": 0, "num_statements": 9, "percent_covered": 0.0, "percent_covered_display": "0", "missing_lines": 9, "excluded_lines": 0, "percent_statements_covered": 0.0, "percent_statements_covered_display": "0"}, "missing_lines": [123, 124, 125, 126, 127, 130, 131, 132, 133], "excluded_lines": [], "start_line": 121}, "CodeValidator.__init__": {"executed_lines": [], "summary": {"covered_lines": 0, "num_statements": 1, "percent_covered": 0.0, "percent_covered_display": "0", "missing_lines": 1, "excluded_lines": 0, "percent_statements_covered": 0.0, "percent_statements_covered_display": "0"}, "missing_lines": [138], "excluded_lines": [], "start_line": 137}, "CodeValidator.validate_syntax": {"executed_lines": [], "summary": {"covered_lines": 0, "num_statements": 4, "percent_covered": 0.0, "percent_covered_display": "0", "missing_lines": 4, "excluded_lines": 0, "percent_statements_covered": 0.0, "percent_statements_covered_display": "0"}, "missing_lines": [141, 142, 143, 156], "excluded_lines": [], "start_line": 140}, "CodeValidator.validate_path": {"executed_lines": [], "summary": {"covered_lines": 0, "num_statements": 5, "percent_covered": 0.0, "percent_covered_display": "0", "missing_lines": 5, "excluded_lines": 0, "percent_statements_covered": 0.0, "percent_statements_covered_display": "0"}, "missing_lines": [159, 160, 161, 162, 164], "excluded_lines": [], "start_line": 158}, "CodeValidator.validate_url": {"executed_lines": [], "summary": {"covered_lines": 0, "num_statements": 5, "percent_covered": 0.0, "percent_covered_display": "0", "missing_lines": 5, "excluded_lines": 0, "percent_statements_covered": 0.0, "percent_statements_covered_display": "0"}, "missing_lines": [171, 172, 174, 175, 177], "excluded_lines": [], "start_line": 170}, "CodeValidator.validate": {"executed_lines": [], "summary": {"covered_lines": 0, "num_statements": 11, "percent_covered": 0.0, "percent_covered_display": "0", "missing_lines": 11, "excluded_lines": 0, "percent_statements_covered": 0.0, "percent_statements_covered_display": "0"}, "missing_lines": [180, 181, 182, 183, 184, 190, 191, 192, 193, 194, 199], "excluded_lines": [], "start_line": 179}, "": {"executed_lines": [], "summary": {"covered_lines": 0, "num_statements": 19, "percent_covered": 0.0, "percent_covered_display": "0", "missing_lines": 19, "excluded_lines": 0, "percent_statements_covered": 0.0, "percent_statements_covered_display": "0"}, "missing_lines": [1, 2, 3, 4, 7, 8, 27, 34, 45, 61, 76, 103, 121, 136, 137, 140, 158, 170, 179], "excluded_lines": [], "start_line": 1}}, "classes": {"AICodeValidator": {"executed_lines": [], "summary": {"covered_lines": 0, "num_statements": 83, "percent_covered": 0.0, "percent_covered_display": "0", "missing_lines": 83, "excluded_lines": 0, "percent_statements_covered": 0.0, "percent_statements_covered_display": "0"}, "missing_lines": [9, 16, 17, 28, 29, 30, 31, 32, 35, 36, 37, 38, 39, 40, 41, 46, 47, 48, 49, 50, 51, 52, 53, 56, 57, 58, 59, 62, 63, 64, 66, 67, 68, 70, 71, 72, 73, 74, 77, 78, 79, 80, 81, 82, 83, 84, 85, 86, 87, 88, 89, 90, 91, 92, 95, 97, 98, 99, 100, 101, 104, 105, 106, 107, 110, 111, 112, 113, 114, 115, 116, 117, 118, 119, 123, 124, 125, 126, 127, 130, 131, 132, 133], "excluded_lines": [], "start_line": 7}, "CodeValidator": {"executed_lines": [], "summary": {"covered_lines": 0, "num_statements": 26, "percent_covered": 0.0, "percent_covered_display": "0", "missing_lines": 26, "excluded_lines": 0, "percent_statements_covered": 0.0, "percent_statements_covered_display": "0"}, "missing_lines": [138, 141, 142, 143, 156, 159, 160, 161, 162, 164, 171, 172, 174, 175, 177, 180, 181, 182, 183, 184, 190, 191, 192, 193, 194, 199], "excluded_lines": [], "start_line": 136}, "": {"executed_lines": [], "summary": {"covered_lines": 0, "num_statements": 19, "percent_covered": 0.0, "percent_covered_display": "0", "missing_lines": 19, "excluded_lines": 0, "percent_statements_covered": 0.0, "percent_statements_covered_display": "0"}, "missing_lines": [1, 2, 3, 4, 7, 8, 27, 34, 45, 61, 76, 103, 121, 136, 137, 140, 158, 170, 179], "excluded_lines": [], "start_line": 1}}}, "core\\config.py": {"executed_lines": [1, 2, 3, 5, 6, 7, 8, 9, 10, 11, 13, 16, 21, 22, 27, 28, 30, 31, 32, 33, 34, 35, 37, 38, 39, 41, 51, 52, 53, 54, 56, 64, 66, 67, 68, 70, 73, 78, 83, 89, 93, 95, 96, 97, 98, 99, 100, 101, 102, 104, 106, 107, 108, 109, 110, 111, 112, 113, 114, 115, 116, 117, 118, 120, 121, 122, 123, 124, 125, 126, 128, 129, 131, 132, 133, 134, 135, 139, 140, 141, 142, 143, 145, 147, 148, 149, 151, 156, 158, 159, 160, 162, 167, 169, 170, 171, 172, 173, 174, 178, 181, 182, 183, 184, 185, 187, 189, 190, 191, 192, 194, 202, 204, 223, 225], "summary": {"covered_lines": 115, "num_statements": 166, "percent_covered": 69.27710843373494, "percent_covered_display": "69", "missing_lines": 51, "excluded_lines": 0, "percent_statements_covered": 69.27710843373494, "percent_statements_covered_display": "69"}, "missing_lines": [17, 18, 57, 58, 59, 60, 61, 62, 63, 65, 69, 144, 152, 153, 154, 155, 163, 164, 165, 166, 175, 179, 186, 195, 196, 197, 198, 199, 200, 201, 205, 206, 207, 208, 209, 210, 211, 212, 213, 214, 215, 216, 217, 218, 226, 227, 229, 230, 231, 232, 233], "excluded_lines": [], "functions": {"Settings.sanitize_cors_origins": {"executed_lines": [54, 56, 64, 66, 67, 68, 70], "summary": {"covered_lines": 7, "num_statements": 16, "percent_covered": 43.75, "percent_covered_display": "44", "missing_lines": 9, "excluded_lines": 0, "percent_statements_covered": 43.75, "percent_statements_covered_display": "44"}, "missing_lines": [57, 58, 59, 60, 61, 62, 63, 65, 69], "excluded_lines": [], "start_line": 53}, "Settings.validate_env": {"executed_lines": [142, 143, 145], "summary": {"covered_lines": 3, "num_statements": 4, "percent_covered": 75.0, "percent_covered_display": "75", "missing_lines": 1, "excluded_lines": 0, "percent_statements_covered": 75.0, "percent_statements_covered_display": "75"}, "missing_lines": [144], "excluded_lines": [], "start_line": 141}, "Settings.parse_admin_emails": {"executed_lines": [151, 156], "summary": {"covered_lines": 2, "num_statements": 6, "percent_covered": 33.333333333333336, "percent_covered_display": "33", "missing_lines": 4, "excluded_lines": 0, "percent_statements_covered": 33.333333333333336, "percent_statements_covered_display": "33"}, "missing_lines": [152, 153, 154, 155], "excluded_lines": [], "start_line": 149}, "Settings.parse_allowed_hosts": {"executed_lines": [162, 167], "summary": {"covered_lines": 2, "num_statements": 6, "percent_covered": 33.333333333333336, "percent_covered_display": "33", "missing_lines": 4, "excluded_lines": 0, "percent_statements_covered": 33.333333333333336, "percent_statements_covered_display": "33"}, "missing_lines": [163, 164, 165, 166], "excluded_lines": [], "start_line": 160}, "Settings.set_test_secret": {"executed_lines": [172, 173, 174, 178], "summary": {"covered_lines": 4, "num_statements": 6, "percent_covered": 66.66666666666667, "percent_covered_display": "67", "missing_lines": 2, "excluded_lines": 0, "percent_statements_covered": 66.66666666666667, "percent_statements_covered_display": "67"}, "missing_lines": [175, 179], "excluded_lines": [], "start_line": 171}, "Settings.debug_must_be_false_in_production": {"executed_lines": [184, 185, 187], "summary": {"covered_lines": 3, "num_statements": 4, "percent_covered": 75.0, "percent_covered_display": "75", "missing_lines": 1, "excluded_lines": 0, "percent_statements_covered": 75.0, "percent_statements_covered_display": "75"}, "missing_lines": [186], "excluded_lines": [], "start_line": 183}, "Settings.parse_cors_origins": {"executed_lines": [192, 194, 202], "summary": {"covered_lines": 3, "num_statements": 10, "percent_covered": 30.0, "percent_covered_display": "30", "missing_lines": 7, "excluded_lines": 0, "percent_statements_covered": 30.0, "percent_statements_covered_display": "30"}, "missing_lines": [195, 196, 197, 198, 199, 200, 201], "excluded_lines": [], "start_line": 191}, "Settings.validate_config": {"executed_lines": [], "summary": {"covered_lines": 0, "num_statements": 14, "percent_covered": 0.0, "percent_covered_display": "0", "missing_lines": 14, "excluded_lines": 0, "percent_statements_covered": 0.0, "percent_statements_covered_display": "0"}, "missing_lines": [205, 206, 207, 208, 209, 210, 211, 212, 213, 214, 215, 216, 217, 218], "excluded_lines": [], "start_line": 204}, "": {"executed_lines": [1, 2, 3, 5, 6, 7, 8, 9, 10, 11, 13, 16, 21, 22, 27, 28, 30, 31, 32, 33, 34, 35, 37, 38, 39, 41, 51, 52, 53, 73, 78, 83, 89, 93, 95, 96, 97, 98, 99, 100, 101, 102, 104, 106, 107, 108, 109, 110, 111, 112, 113, 114, 115, 116, 117, 118, 120, 121, 122, 123, 124, 125, 126, 128, 129, 131, 132, 133, 134, 135, 139, 140, 141, 147, 148, 149, 158, 159, 160, 169, 170, 171, 181, 182, 183, 189, 190, 191, 204, 223, 225], "summary": {"covered_lines": 91, "num_statements": 100, "percent_covered": 91.0, "percent_covered_display": "91", "missing_lines": 9, "excluded_lines": 0, "percent_statements_covered": 91.0, "percent_statements_covered_display": "91"}, "missing_lines": [17, 18, 226, 227, 229, 230, 231, 232, 233], "excluded_lines": [], "start_line": 1}}, "classes": {"Settings": {"executed_lines": [54, 56, 64, 66, 67, 68, 70, 142, 143, 145, 151, 156, 162, 167, 172, 173, 174, 178, 184, 185, 187, 192, 194, 202], "summary": {"covered_lines": 24, "num_statements": 66, "percent_covered": 36.36363636363637, "percent_covered_display": "36", "missing_lines": 42, "excluded_lines": 0, "percent_statements_covered": 36.36363636363637, "percent_statements_covered_display": "36"}, "missing_lines": [57, 58, 59, 60, 61, 62, 63, 65, 69, 144, 152, 153, 154, 155, 163, 164, 165, 166, 175, 179, 186, 195, 196, 197, 198, 199, 200, 201
[...]
red_display": "0"}, "missing_lines": [30, 31, 32, 33, 34, 35, 36], "excluded_lines": [], "start_line": 28}, "TokenDeductor._acquire_distributed_lock": {"executed_lines": [], "summary": {"covered_lines": 0, "num_statements": 7, "percent_covered": 0.0, "percent_covered_display": "0", "missing_lines": 7, "excluded_lines": 0, "percent_statements_covered": 0.0, "percent_statements_covered_display": "0"}, "missing_lines": [46, 48, 50, 52, 53, 54, 55], "excluded_lines": [], "start_line": 41}, "TokenDeductor._release_distributed_lock": {"executed_lines": [], "summary": {"covered_lines": 0, "num_statements": 7, "percent_covered": 0.0, "percent_covered_display": "0", "missing_lines": 7, "excluded_lines": 0, "percent_statements_covered": 0.0, "percent_statements_covered_display": "0"}, "missing_lines": [61, 62, 63, 65, 72, 73, 74], "excluded_lines": [], "start_line": 57}, "TokenDeductor.deduct_tokens": {"executed_lines": [], "summary": {"covered_lines": 0, "num_statements": 42, "percent_covered": 0.0, "percent_covered_display": "0", "missing_lines": 42, "excluded_lines": 0, "percent_statements_covered": 0.0, "percent_statements_covered_display": "0"}, "missing_lines": [80, 81, 84, 85, 86, 87, 88, 89, 91, 92, 93, 95, 97, 98, 99, 102, 104, 105, 107, 108, 109, 111, 112, 113, 114, 117, 118, 120, 121, 122, 125, 126, 133, 138, 139, 141, 142, 143, 144, 145, 146, 148], "excluded_lines": [], "start_line": 76}, "TokenDeductor.deduct_byoc_deployment": {"executed_lines": [], "summary": {"covered_lines": 0, "num_statements": 38, "percent_covered": 0.0, "percent_covered_display": "0", "missing_lines": 38, "excluded_lines": 0, "percent_statements_covered": 0.0, "percent_statements_covered_display": "0"}, "missing_lines": [154, 155, 157, 158, 159, 160, 161, 162, 164, 165, 167, 168, 169, 171, 173, 174, 176, 177, 179, 180, 181, 183, 184, 186, 187, 188, 190, 191, 198, 200, 201, 203, 204, 205, 206, 207, 208, 210], "excluded_lines": [], "start_line": 150}, "": {"executed_lines": [], "summary": {"covered_lines": 0, "num_statements": 19, "percent_covered": 0.0, "percent_covered_display": "0", "missing_lines": 19, "excluded_lines": 0, "percent_statements_covered": 0.0, "percent_statements_covered_display": "0"}, "missing_lines": [4, 5, 6, 7, 8, 10, 11, 12, 13, 15, 16, 17, 20, 23, 28, 41, 57, 76, 150], "excluded_lines": [], "start_line": 1}}, "classes": {"TokenDeductor": {"executed_lines": [], "summary": {"covered_lines": 0, "num_statements": 101, "percent_covered": 0.0, "percent_covered_display": "0", "missing_lines": 101, "excluded_lines": 0, "percent_statements_covered": 0.0, "percent_statements_covered_display": "0"}, "missing_lines": [30, 31, 32, 33, 34, 35, 36, 46, 48, 50, 52, 53, 54, 55, 61, 62, 63, 65, 72, 73, 74, 80, 81, 84, 85, 86, 87, 88, 89, 91, 92, 93, 95, 97, 98, 99, 102, 104, 105, 107, 108, 109, 111, 112, 113, 114, 117, 118, 120, 121, 122, 125, 126, 133, 138, 139, 141, 142, 143, 144, 145, 146, 148, 154, 155, 157, 158, 159, 160, 161, 162, 164, 165, 167, 168, 169, 171, 173, 174, 176, 177, 179, 180, 181, 183, 184, 186, 187, 188, 190, 191, 198, 200, 201, 203, 204, 205, 206, 207, 208, 210], "excluded_lines": [], "start_line": 23}, "": {"executed_lines": [], "summary": {"covered_lines": 0, "num_statements": 19, "percent_covered": 0.0, "percent_covered_display": "0", "missing_lines": 19, "excluded_lines": 0, "percent_statements_covered": 0.0, "percent_statements_covered_display": "0"}, "missing_lines": [4, 5, 6, 7, 8, 10, 11, 12, 13, 15, 16, 17, 20, 23, 28, 41, 57, 76, 150], "excluded_lines": [], "start_line": 1}}}, "core\\universal_rules.py": {"executed_lines": [], "summary": {"covered_lines": 0, "num_statements": 52, "percent_covered": 0.0, "percent_covered_display": "0", "missing_lines": 52, "excluded_lines": 0, "percent_statements_covered": 0.0, "percent_statements_covered_display": "0"}, "missing_lines": [1, 2, 3, 4, 7, 13, 14, 16, 17, 19, 21, 23, 25, 26, 27, 28, 29, 31, 34, 59, 60, 61, 62, 63, 64, 66, 68, 70, 71, 72, 73, 75, 76, 77, 79, 80, 81, 82, 84, 90, 91, 92, 93, 96, 97, 98, 99, 100, 102, 103, 104, 108], "excluded_lines": [], "functions": {"UniversalRulesEngine.__init__": {"executed_lines": [], "summary": {"covered_lines": 0, "num_statements": 5, "percent_covered": 0.0, "percent_covered_display": "0", "missing_lines": 5, "excluded_lines": 0, "percent_statements_covered": 0.0, "percent_statements_covered_display": "0"}, "missing_lines": [14, 16, 17, 19, 21], "excluded_lines": [], "start_line": 13}, "UniversalRulesEngine._load_rules": {"executed_lines": [], "summary": {"covered_lines": 0, "num_statements": 14, "percent_covered": 0.0, "percent_covered_display": "0", "missing_lines": 14, "excluded_lines": 0, "percent_statements_covered": 0.0, "percent_statements_covered_display": "0"}, "missing_lines": [25, 26, 27, 28, 29, 31, 34, 59, 60, 61, 62, 63, 64, 66], "excluded_lines": [], "start_line": 23}, "UniversalRulesEngine.save_rules": {"executed_lines": [], "summary": {"covered_lines": 0, "num_statements": 11, "percent_covered": 0.0, "percent_covered_display": "0", "missing_lines": 11, "excluded_lines": 0, "percent_statements_covered": 0.0, "percent_statements_covered_display": "0"}, "missing_lines": [70, 71, 72, 73, 75, 76, 77, 79, 80, 81, 82], "excluded_lines": [], "start_line": 68}, "UniversalRulesEngine.apply": {"executed_lines": [], "summary": {"covered_lines": 0, "num_statements": 13, "percent_covered": 0.0, "percent_covered_display": "0", "missing_lines": 13, "excluded_lines": 0, "percent_statements_covered": 0.0, "percent_statements_covered_display": "0"}, "missing_lines": [90, 91, 92, 93, 96, 97, 98, 99, 100, 102, 103, 104, 108], "excluded_lines": [], "start_line": 84}, "": {"executed_lines": [], "summary": {"covered_lines": 0, "num_statements": 9, "percent_covered": 0.0, "percent_covered_display": "0", "missing_lines": 9, "excluded_lines": 0, "percent_statements_covered": 0.0, "percent_statements_covered_display": "0"}, "missing_lines": [1, 2, 3, 4, 7, 13, 23, 68, 84], "excluded_lines": [], "start_line": 1}}, "classes": {"UniversalRulesEngine": {"executed_lines": [], "summary": {"covered_lines": 0, "num_statements": 43, "percent_covered": 0.0, "percent_covered_display": "0", "missing_lines": 43, "excluded_lines": 0, "percent_statements_covered": 0.0, "percent_statements_covered_display": "0"}, "missing_lines": [14, 16, 17, 19, 21, 25, 26, 27, 28, 29, 31, 34, 59, 60, 61, 62, 63, 64, 66, 70, 71, 72, 73, 75, 76, 77, 79, 80, 81, 82, 90, 91, 92, 93, 96, 97, 98, 99, 100, 102, 103, 104, 108], "excluded_lines": [], "start_line": 7}, "": {"executed_lines": [], "summary": {"covered_lines": 0, "num_statements": 9, "percent_covered": 0.0, "percent_covered_display": "0", "missing_lines": 9, "excluded_lines": 0, "percent_statements_covered": 0.0, "percent_statements_covered_display": "0"}, "missing_lines": [1, 2, 3, 4, 7, 13, 23, 68, 84], "excluded_lines": [], "start_line": 1}}}, "core\\upload_validator.py": {"executed_lines": [], "summary": {"covered_lines": 0, "num_statements": 24, "percent_covered": 0.0, "percent_covered_display": "0", "missing_lines": 24, "excluded_lines": 0, "percent_statements_covered": 0.0, "percent_statements_covered_display": "0"}, "missing_lines": [3, 4, 7, 8, 32, 33, 34, 37, 38, 39, 40, 41, 42, 43, 44, 45, 46, 47, 48, 49, 52, 53, 54, 58], "excluded_lines": [], "functions": {"UploadValidationError.__init__": {"executed_lines": [], "summary": {"covered_lines": 0, "num_statements": 1, "percent_covered": 0.0, "percent_covered_display": "0", "missing_lines": 1, "excluded_lines": 0, "percent_statements_covered": 0.0, "percent_statements_covered_display": "0"}, "missing_lines": [34], "excluded_lines": [], "start_line": 33}, "validate_upload": {"executed_lines": [], "summary": {"covered_lines": 0, "num_statements": 16, "percent_covered": 0.0, "percent_covered_display": "0", "missing_lines": 16, "excluded_lines": 0, "percent_statements_covered": 0.0, "percent_statements_covered_display": "0"}, "missing_lines": [38, 39, 40, 41, 42, 43, 44, 45, 46, 47, 48, 49, 52, 53, 54, 58], "excluded_lines": [], "start_line": 37}, "": {"executed_lines": [], "summary": {"covered_lines": 0, "num_statements": 7, "percent_covered": 0.0, "percent_covered_display": "0", "missing_lines": 7, "excluded_lines": 0, "percent_statements_covered": 0.0, "percent_statements_covered_display": "0"}, "missing_lines": [3, 4, 7, 8, 32, 33, 37], "excluded_lines": [], "start_line": 1}}, "classes": {"UploadValidationError": {"executed_lines": [], "summary": {"covered_lines": 0, "num_statements": 1, "percent_covered": 0.0, "percent_covered_display": "0", "missing_lines": 1, "excluded_lines": 0, "percent_statements_covered": 0.0, "percent_statements_covered_display": "0"}, "missing_lines": [34], "excluded_lines": [], "start_line": 32}, "": {"executed_lines": [], "summary": {"covered_lines": 0, "num_statements": 23, "percent_covered": 0.0, "percent_covered_display": "0", "missing_lines": 23, "excluded_lines": 0, "percent_statements_covered": 0.0, "percent_statements_covered_display": "0"}, "missing_lines": [3, 4, 7, 8, 32, 33, 37, 38, 39, 40, 41, 42, 43, 44, 45, 46, 47, 48, 49, 52, 53, 54, 58], "excluded_lines": [], "start_line": 1}}}, "core\\upstash_redis_queue.py": {"executed_lines": [], "summary": {"covered_lines": 0, "num_statements": 120, "percent_covered": 0.0, "percent_covered_display": "0", "missing_lines": 120, "excluded_lines": 0, "percent_statements_covered": 0.0, "percent_statements_covered_display": "0"}, "missing_lines": [1, 3, 4, 6, 7, 10, 11, 17, 20, 21, 22, 26, 27, 28, 30, 31, 32, 35, 40, 41, 44, 45, 46, 47, 48, 49, 50, 51, 53, 54, 55, 56, 59, 60, 61, 62, 63, 64, 65, 66, 67, 68, 69, 71, 72, 73, 74, 75, 76, 77, 78, 80, 81, 82, 83, 84, 85, 86, 87, 88, 89, 90, 91, 93, 94, 95, 96, 97, 98, 99, 100, 101, 103, 104, 105, 106, 107, 108, 109, 110, 111, 113, 114, 115, 116, 117, 118, 119, 120, 121, 123, 124, 125, 126, 127, 128, 129, 130, 131, 133, 134, 135, 136, 137, 138, 139, 140, 141, 143, 144, 145, 146, 147, 148, 149, 150, 152, 153, 154, 155], "excluded_lines": [], "functions": {"UpstashRedisQueue.__init__": {"executed_lines": [], "summary": {"covered_lines": 0, "num_statements": 4, "percent_covered": 0.0, "percent_covered_display": "0", "missing_lines": 4, "excluded_lines": 0, "percent_statements_covered": 0.0, "percent_statements_covered_display": "0"}, "missing_lines": [17, 20, 21, 22], "excluded_lines": [], "start_line": 11}, "UpstashRedisQueue.configured": {"executed_lines": [], "summary": {"covered_lines": 0, "num_statements": 1, "percent_covered": 0.0, "percent_covered_display": "0", "missing_lines": 1, "excluded_lines": 0, "percent_statements_covered": 0.0, "percent_statements_covered_display": "0"}, "missing_lines": [28], "excluded_lines": [], "start_line": 27}, "UpstashRedisQueue._request": {"executed_lines": [], "summary": {"covered_lines": 0, "num_statements": 5, "percent_covered": 0.0, "percent_covered_display": "0", "missing_lines": 5, "excluded_lines": 0, "percent_statements_covered": 0.0, "percent_statements_covered_display": "0"}, "missing_lines": [31, 32, 35, 40, 41], "excluded_lines": [], "start_line": 30}, "UpstashRedisQueue.set_nx": {"executed_lines": [], "summary": {"covered_lines": 0, "num_statements": 11, "percent_covered": 0.0, "percent_covered_display": "0", "missing_lines": 11, "excluded_lines": 0, "percent_statements_covered": 0.0, "percent_statements_covered_display": "0"}, "missing_lines": [45, 46, 47, 48, 49, 50, 51, 53, 54, 55, 56], "excluded_lines": [], "start_line": 44}, "UpstashRedisQueue.eval": {"executed_lines": [], "summary": {"covered_lines": 0, "num_statements": 10, "percent_covered": 0.0, "percent_covered_display": "0", "missing_lines": 10, "excluded_lines": 0, "percent_statements_covered": 0.0, "percent_statements_covered_display": "0"}, "missing_lines": [60, 61, 62, 63, 64, 65, 66, 67, 68, 69], "excluded_lines": [], "start_line": 59}, "UpstashRedisQueue.get": {"executed_lines": [], "summary": {"covered_lines": 0, "num_statements": 7, "percent_covered": 0.0, "percent_covered_display": "0", "missing_lines": 7, "excluded_lines": 0, "percent_statements_covered": 0.0, "percent_statements_covered_display": "0"}, "missing_lines": [72, 73, 74, 75, 76, 77, 78], "excluded_lines": [], "start_line": 71}, "UpstashRedisQueue.set": {"executed_lines": [], "summary": {"covered_lines": 0, "num_statements": 11, "percent_covered": 0.0, "percent_covered_display": "0", "missing_lines": 11, "excluded_lines": 0, "percent_statements_covered": 0.0, "percent_statements_covered_display": "0"}, "missing_lines": [81, 82, 83, 84, 85, 86, 87, 88, 89, 90, 91], "excluded_lines": [], "start_line": 80}, "UpstashRedisQueue.incr": {"executed_lines": [], "summary": {"covered_lines": 0, "num_statements": 8, "percent_covered": 0.0, "percent_covered_display": "0", "missing_lines": 8, "excluded_lines": 0, "percent_statements_covered": 0.0, "percent_statements_covered_display": "0"}, "missing_lines": [94, 95, 96, 97, 98, 99, 100, 101], "excluded_lines": [], "start_line": 93}, "UpstashRedisQueue.decr": {"executed_lines": [], "summary": {"covered_lines": 0, "num_statements": 8, "percent_covered": 0.0, "percent_covered_display": "0", "missing_lines": 8, "excluded_lines": 0, "percent_statements_covered": 0.0, "percent_statements_covered_display": "0"}, "missing_lines": [104, 105, 106, 107, 108, 109, 110, 111], "excluded_lines": [], "start_line": 103}, "UpstashRedisQueue.expire": {"executed_lines": [], "summary": {"covered_lines": 0, "num_statements": 8, "percent_covered": 0.0, "percent_covered_display": "0", "missing_lines": 8, "excluded_lines": 0, "percent_statements_covered": 0.0, "percent_statements_covered_display": "0"}, "missing_lines": [114, 115, 116, 117, 118, 119, 120, 121], "excluded_lines": [], "start_line": 113}, "UpstashRedisQueue.publish": {"executed_lines": [], "summary": {"covered_lines": 0, "num_statements": 8, "percent_covered": 0.0, "percent_covered_display": "0", "missing_lines": 8, "excluded_lines": 0, "percent_statements_covered": 0.0, "percent_statements_covered_display": "0"}, "missing_lines": [124, 125, 126, 127, 128, 129, 130, 131], "excluded_lines": [], "start_line": 123}, "UpstashRedisQueue.lpush": {"executed_lines": [], "summary": {"covered_lines": 0, "num_statements": 8, "percent_covered": 0.0, "percent_covered_display": "0", "missing_lines": 8, "excluded_lines": 0, "percent_statements_covered": 0.0, "percent_statements_covered_display": "0"}, "missing_lines": [134, 135, 136, 137, 138, 139, 140, 141], "excluded_lines": [], "start_line": 133}, "UpstashRedisQueue.rpop": {"executed_lines": [], "summary": {"covered_lines": 0, "num_statements": 7, "percent_covered": 0.0, "percent_covered_display": "0", "missing_lines": 7, "excluded_lines": 0, "percent_statements_covered": 0.0, "percent_statements_covered_display": "0"}, "missing_lines": [144, 145, 146, 147, 148, 149, 150], "excluded_lines": [], "start_line": 143}, "UpstashRedisQueue.close": {"executed_lines": [], "summary": {"covered_lines": 0, "num_statements": 3, "percent_covered": 0.0, "percent_covered_display": "0", "missing_lines": 3, "excluded_lines": 0, "percent_statements_covered": 0.0, "percent_statements_covered_display": "0"}, "missing_lines": [153, 154, 155], "excluded_lines": [], "start_line": 152}, "": {"executed_lines": [], "summary": {"covered_lines": 0, "num_statements": 21, "percent_covered": 0.0, "percent_covered_display": "0", "missing_lines": 21, "excluded_lines": 0, "percent_statements_covered": 0.0, "percent_statements_covered_display": "0"}, "missing_lines": [1, 3, 4, 6, 7, 10, 11, 26, 27, 30, 44, 59, 71, 80, 93, 103, 113, 123, 133, 143, 152], "excluded_lines": [], "start_line": 1}}, "classes": {"UpstashRedisQueue": {"executed_lines": [], "summary": {"covered_lines": 0, "num_statements": 99, "percent_covered": 0.0, "percent_covered_display": "0", "missing_lines": 99, "excluded_lines": 0, "percent_statements_covered": 0.0, "percent_statements_covered_display": "0"}, "missing_lines": [17, 20, 21, 22, 28, 31, 32, 35, 40, 41, 45, 46, 47, 48, 49, 50, 51, 53, 54, 55, 56, 60, 61, 62, 63, 64, 65, 66, 67, 68, 69, 72, 73, 74, 75, 76, 77, 78, 81, 82, 83, 84, 85, 86, 87, 88, 89, 90, 91, 94, 95, 96, 97, 98, 99, 100, 101, 104, 105, 106, 107, 108, 109, 110, 111, 114, 115, 116, 117, 118, 119, 120, 121, 124, 125, 126, 127, 128, 129, 130, 131, 134, 135, 136, 137, 138, 139, 140, 141, 144, 145, 146, 147, 148, 149, 150, 153, 154, 155], "excluded_lines": [], "start_line": 10}, "": {"executed_lines": [], "summary": {"covered_lines": 0, "num_statements": 21, "percent_covered": 0.0, "percent_covered_display": "0", "missing_lines": 21, "excluded_lines": 0, "percent_statements_covered": 0.0, "percent_statements_covered_display": "0"}, "missing_lines": [1, 3, 4, 6, 7, 10, 11, 26, 27, 30, 44, 59, 71, 80, 93, 103, 113, 123, 133, 143, 152], "excluded_lines": [], "start_line": 1}}}, "core\\user_profiler.py": {"executed_lines": [], "summary": {"covered_lines": 0, "num_statements": 21, "percent_covered": 0.0, "percent_covered_display": "0", "missing_lines": 21, "excluded_lines": 0, "percent_statements_covered": 0.0, "percent_statements_covered_display": "0"}, "missing_lines": [1, 2, 3, 4, 6, 9, 10, 11, 12, 15, 16, 18, 19, 20, 21, 24, 25, 27, 28, 30, 31], "excluded_lines": [], "functions": {"UserProfiler.classify_user": {"executed_lines": [], "summary": {"covered_lines": 0, "num_statements": 1, "percent_covered": 0.0, "percent_covered_display": "0", "missing_lines": 1, "excluded_lines": 0, "percent_statements_covered": 0.0, "percent_statements_covered_display": "0"}, "missing_lines": [28], "excluded_lines": [], "start_line": 27}, "UserProfiler.update_from_history": {"executed_lines": [], "summary": {"covered_lines": 0, "num_statements": 1, "percent_covered": 0.0, "percent_covered_display": "0", "missing_lines": 1, "excluded_lines": 0, "percent_statements_covered": 0.0, "percent_statements_covered_display": "0"}, "missing_lines": [31], "excluded_lines": [], "start_line": 30}, "": {"executed_lines": [], "summary": {"covered_lines": 0, "num_statements": 19, "percent_covered": 0.0, "percent_covered_display": "0", "missing_lines": 19, "excluded_lines": 0, "percent_statements_covered": 0.0, "percent_statements_covered_display": "0"}, "missing_lines": [1, 2, 3, 4, 6, 9, 10, 11, 12, 15, 16, 18, 19, 20, 21, 24, 25, 27, 30], "excluded_lines": [], "start_line": 1}}, "classes": {"UserMode": {"executed_lines": [], "summary": {"covered_lines": 0, "num_statements": 0, "percent_covered": 100.0, "percent_covered_display": "100", "missing_lines": 0, "excluded_lines": 0, "percent_statements_covered": 100.0, "percent_statements_covered_display": "100"}, "missing_lines": [], "excluded_lines": [], "start_line": 9}, "UserProfile": {"executed_lines": [], "summary": {"covered_lines": 0, "num_statements": 0, "percent_covered": 100.0, "percent_covered_display": "100", "missing_lines": 0, "excluded_lines": 0, "percent_statements_covered": 100.0, "percent_statements_covered_display": "100"}, "missing_lines": [], "excluded_lines": [], "start_line": 16}, "UserProfiler": {"executed_lines": [], "summary": {"covered_lines": 0, "num_statements": 2, "percent_covered": 0.0, "percent_covered_display": "0", "missing_lines": 2, "excluded_lines": 0, "percent_statements_covered": 0.0, "percent_statements_covered_display": "0"}, "missing_lines": [28, 31], "excluded_lines": [], "start_line": 24}, "": {"executed_lines": [], "summary": {"covered_lines": 0, "num_statements": 19, "percent_covered": 0.0, "percent_covered_display": "0", "missing_lines": 19, "excluded_lines": 0, "percent_statements_covered": 0.0, "percent_statements_covered_display": "0"}, "missing_lines": [1, 2, 3, 4, 6, 9, 10, 11, 12, 15, 16, 18, 19, 20, 21, 24, 25, 27, 30], "excluded_lines": [], "start_line": 1}}}}, "totals": {"covered_lines": 234, "num_statements": 5384, "percent_covered": 4.346210995542347, "percent_covered_display": "4", "missing_lines": 5150, "excluded_lines": 10, "percent_statements_covered": 4.346210995542347, "percent_statements_covered_display": "4"}}